ARM GAS  /tmp/ccVj7nwT.s 			page 1


   1              		.syntax unified
   2              		.cpu cortex-m4
   3              		.eabi_attribute 27, 3
   4              		.eabi_attribute 28, 1
   5              		.fpu fpv4-sp-d16
   6              		.eabi_attribute 20, 1
   7              		.eabi_attribute 21, 1
   8              		.eabi_attribute 23, 3
   9              		.eabi_attribute 24, 1
  10              		.eabi_attribute 25, 1
  11              		.eabi_attribute 26, 1
  12              		.eabi_attribute 30, 2
  13              		.eabi_attribute 34, 1
  14              		.eabi_attribute 18, 4
  15              		.thumb
  16              		.file	"Rfid.c"
  17              		.text
  18              	.Ltext0:
  19              		.cfi_sections	.debug_frame
  20              		.section	.text.rfidThread,"ax",%progbits
  21              		.align	2
  22              		.p2align 4,,15
  23              		.thumb
  24              		.thumb_func
  25              		.type	rfidThread, %function
  26              	rfidThread:
  27              	.LFB117:
  28              		.file 1 "./src/Rfid.c"
  29              		.loc 1 24 0
  30              		.cfi_startproc
  31              		@ args = 0, pretend = 0, frame = 16
  32              		@ frame_needed = 1, uses_anonymous_args = 0
  33              	.LVL0:
  34 0000 F0B5     		push	{r4, r5, r6, r7, lr}
  35              	.LCFI0:
  36              		.cfi_def_cfa_offset 20
  37              		.cfi_offset 14, -4
  38              		.cfi_offset 7, -8
  39              		.cfi_offset 6, -12
  40              		.cfi_offset 5, -16
  41              		.cfi_offset 4, -20
  42              		.loc 1 29 0
  43 0002 40F20000 		movw	r0, #:lower16:.LANCHOR0
  44              	.LVL1:
  45              		.loc 1 24 0
  46 0006 85B0     		sub	sp, sp, #20
  47              	.LCFI1:
  48              		.cfi_def_cfa_offset 40
  49              		.loc 1 29 0
  50 0008 C0F20000 		movt	r0, #:upper16:.LANCHOR0
  51 000c 07C8     		ldmia	r0, {r0, r1, r2}
  52              		.loc 1 24 0
  53 000e 00AF     		add	r7, sp, #0
  54              	.LCFI2:
  55              		.cfi_def_cfa_register 7
  56              		.loc 1 29 0
  57 0010 3B1D     		adds	r3, r7, #4
ARM GAS  /tmp/ccVj7nwT.s 			page 2


  58 0012 83E80700 		stmia	r3, {r0, r1, r2}
  59              		.loc 1 31 0
  60 0016 86B0     		sub	sp, sp, #24
  61              		.loc 1 34 0
  62 0018 40F20000 		movw	r0, #:lower16:SD3
  63              		.loc 1 31 0
  64 001c 6C46     		mov	r4, sp
  65              	.LVL2:
  66              		.loc 1 34 0
  67 001e C0F20000 		movt	r0, #:upper16:SD3
  68              		.loc 1 32 0
  69 0022 8AB0     		sub	sp, sp, #40
  70              	.LVL3:
  71              		.loc 1 34 0
  72 0024 1946     		mov	r1, r3
  73 0026 FFF7FEFF 		bl	sdStart
  74              		.loc 1 32 0
  75 002a 6E46     		mov	r6, sp
  76              	.LVL4:
  77              	.LBB2:
  78              		.loc 1 49 0
  79 002c 0025     		movs	r5, #0
  80              	.L8:
  81              		.loc 1 37 0
  82 002e 1022     		movs	r2, #16
  83 0030 4FF0FF33 		mov	r3, #-1
  84 0034 1948     		ldr	r0, .L14
  85 0036 2146     		mov	r1, r4
  86 0038 FFF7FEFF 		bl	chIQReadTimeout
  87              	.LVL5:
  88              		.loc 1 49 0
  89 003c 2078     		ldrb	r0, [r4, #0]	@ zero_extendqisi2
  90 003e 0022     		movs	r2, #0
  91 0040 0228     		cmp	r0, #2
  92 0042 2346     		mov	r3, r4
  93 0044 27D0     		beq	.L12
  94              	.LVL6:
  95              	.L4:
  96              		.loc 1 49 0 is_stmt 0 discriminator 2
  97 0046 13F8011F 		ldrb	r1, [r3, #1]!	@ zero_extendqisi2
  98 004a 0132     		adds	r2, r2, #1
  99              	.LVL7:
 100 004c 0229     		cmp	r1, #2
 101 004e FAD1     		bne	.L4
 102              	.LVL8:
 103              		.loc 1 52 0 is_stmt 1
 104 0050 0023     		movs	r3, #0
 105 0052 0D28     		cmp	r0, #13
 106 0054 07D0     		beq	.L6
 107              	.LVL9:
 108              	.L5:
 109              		.loc 1 49 0 discriminator 2
 110 0056 2146     		mov	r1, r4
 111 0058 0023     		movs	r3, #0
 112              	.L3:
 113              		.loc 1 52 0 discriminator 2
 114 005a 11F801CF 		ldrb	ip, [r1, #1]!	@ zero_extendqisi2
ARM GAS  /tmp/ccVj7nwT.s 			page 3


 115 005e 0133     		adds	r3, r3, #1
 116              	.LVL10:
 117 0060 BCF10D0F 		cmp	ip, #13
 118 0064 F9D1     		bne	.L3
 119              	.LVL11:
 120              	.L6:
 121              		.loc 1 54 0
 122 0066 981A     		subs	r0, r3, r2
 123 0068 0D28     		cmp	r0, #13
 124 006a 02D0     		beq	.L13
 125              	.L7:
 126              		.loc 1 62 0
 127 006c 2570     		strb	r5, [r4, #0]
 128              		.loc 1 63 0
 129 006e 3570     		strb	r5, [r6, #0]
 130              	.LBE2:
 131              		.loc 1 64 0
 132 0070 DDE7     		b	.L8
 133              	.L13:
 134              	.LBB3:
 135              		.loc 1 57 0
 136 0072 0132     		adds	r2, r2, #1
 137 0074 40F20001 		movw	r1, #:lower16:.LC1
 138 0078 3046     		mov	r0, r6
 139 007a C0F20001 		movt	r1, #:upper16:.LC1
 140 007e A218     		adds	r2, r4, r2
 141              		.loc 1 56 0
 142 0080 E554     		strb	r5, [r4, r3]
 143              		.loc 1 57 0
 144 0082 FFF7FEFF 		bl	chsprintf
 145              		.loc 1 59 0
 146 0086 40F20000 		movw	r0, #:lower16:outputBuffer
 147 008a 3146     		mov	r1, r6
 148 008c C0F20000 		movt	r0, #:upper16:outputBuffer
 149 0090 FFF7FEFF 		bl	bufferPutString
 150 0094 EAE7     		b	.L7
 151              	.LVL12:
 152              	.L12:
 153              		.loc 1 49 0
 154 0096 0022     		movs	r2, #0
 155 0098 DDE7     		b	.L5
 156              	.L15:
 157 009a 00BF     		.align	2
 158              	.L14:
 159 009c 10000000 		.word	SD3+16
 160              	.LBE3:
 161              		.cfi_endproc
 162              	.LFE117:
 163              		.size	rfidThread, .-rfidThread
 164              		.section	.text.startRfidThread,"ax",%progbits
 165              		.align	2
 166              		.p2align 4,,15
 167              		.global	startRfidThread
 168              		.thumb
 169              		.thumb_func
 170              		.type	startRfidThread, %function
 171              	startRfidThread:
ARM GAS  /tmp/ccVj7nwT.s 			page 4


 172              	.LFB118:
 173              		.loc 1 69 0
 174              		.cfi_startproc
 175              		@ args = 0, pretend = 0, frame = 0
 176              		@ frame_needed = 0, uses_anonymous_args = 0
 177 0000 10B5     		push	{r4, lr}
 178              	.LCFI3:
 179              		.cfi_def_cfa_offset 8
 180              		.cfi_offset 14, -4
 181              		.cfi_offset 4, -8
 182              		.loc 1 70 0
 183 0002 40F20000 		movw	r0, #:lower16:.LANCHOR1
 184              		.loc 1 69 0
 185 0006 82B0     		sub	sp, sp, #8
 186              	.LCFI4:
 187              		.cfi_def_cfa_offset 16
 188              		.loc 1 70 0
 189 0008 40F20003 		movw	r3, #:lower16:rfidThread
 190 000c 0024     		movs	r4, #0
 191 000e 4FF49661 		mov	r1, #1200
 192 0012 4022     		movs	r2, #64
 193 0014 C0F20003 		movt	r3, #:upper16:rfidThread
 194 0018 C0F20000 		movt	r0, #:upper16:.LANCHOR1
 195 001c 0094     		str	r4, [sp, #0]
 196 001e FFF7FEFF 		bl	chThdCreateStatic
 197              		.loc 1 72 0
 198 0022 02B0     		add	sp, sp, #8
 199 0024 10BD     		pop	{r4, pc}
 200              		.cfi_endproc
 201              	.LFE118:
 202              		.size	startRfidThread, .-startRfidThread
 203 0026 00BFAFF3 		.section	.rodata
 203      0080AFF3 
 203      0080
 204              		.align	2
 205              		.set	.LANCHOR0,. + 0
 206              	.LC0:
 207 0000 80250000 		.word	9600
 208 0004 0000     		.short	0
 209 0006 0040     		.short	16384
 210 0008 0000     		.short	0
 211 000a 0000     		.space	2
 212              		.section	.bss.rfidWorkingArea,"aw",%nobits
 213              		.align	3
 214              		.set	.LANCHOR1,. + 0
 215              		.type	rfidWorkingArea, %object
 216              		.size	rfidWorkingArea, 1200
 217              	rfidWorkingArea:
 218 0000 00000000 		.space	1200
 218      00000000 
 218      00000000 
 218      00000000 
 218      00000000 
 219              		.section	.rodata.str1.4,"aMS",%progbits,1
 220              		.align	2
 221              	.LC1:
 222 0000 5B524649 		.ascii	"[RFID] %s\000"
ARM GAS  /tmp/ccVj7nwT.s 			page 5


 222      445D2025 
 222      7300
 223 000a 0000     		.text
 224              	.Letext0:
 225              		.file 2 "/opt/arm/bin/../lib/gcc/arm-none-eabi/4.6.3/include/stddef.h"
 226              		.file 3 "/opt/arm/bin/../lib/gcc/arm-none-eabi/4.6.3/../../../../arm-none-eabi/include/stdint.h"
 227              		.file 4 "/opt/ChibiOS/ChibiOS_2.4.4/os/ports/GCC/ARMCMx/chtypes.h"
 228              		.file 5 "/opt/ChibiOS/ChibiOS_2.4.4/os/kernel/include/chlists.h"
 229              		.file 6 "/opt/ChibiOS/ChibiOS_2.4.4/os/kernel/include/chthreads.h"
 230              		.file 7 "/opt/ChibiOS/ChibiOS_2.4.4/os/ports/GCC/ARMCMx/chcore_v7m.h"
 231              		.file 8 "/opt/ChibiOS/ChibiOS_2.4.4/os/kernel/include/chmtx.h"
 232              		.file 9 "/opt/ChibiOS/ChibiOS_2.4.4/os/kernel/include/chevents.h"
 233              		.file 10 "/opt/ChibiOS/ChibiOS_2.4.4/os/kernel/include/chqueues.h"
 234              		.file 11 "/opt/ChibiOS/ChibiOS_2.4.4/os/kernel/include/chioch.h"
 235              		.file 12 "/opt/ChibiOS/ChibiOS_2.4.4/os/hal/platforms/STM32F4xx/stm32f4xx.h"
 236              		.file 13 "/opt/ChibiOS/ChibiOS_2.4.4/os/hal/include/serial.h"
 237              		.file 14 "/opt/ChibiOS/ChibiOS_2.4.4/os/hal/platforms/STM32/serial_lld.h"
 238              		.file 15 "./include/CircularBuffer.h"
 239              		.file 16 "/opt/ChibiOS/ChibiOS_2.4.4/os/ports/common/ARMCMx/CMSIS/include/core_cm4.h"
 240              		.file 17 "./include/FirmwareSpykee.h"
 241              		.section	.debug_info,"",%progbits
 242              	.Ldebug_info0:
 243 0000 370A0000 		.4byte	0xa37
 244 0004 0200     		.2byte	0x2
 245 0006 00000000 		.4byte	.Ldebug_abbrev0
 246 000a 04       		.byte	0x4
 247 000b 01       		.uleb128 0x1
 248 000c F5030000 		.4byte	.LASF123
 249 0010 01       		.byte	0x1
 250 0011 6F000000 		.4byte	.LASF124
 251 0015 53020000 		.4byte	.LASF125
 252 0019 00000000 		.4byte	0
 253 001d 00000000 		.4byte	0
 254 0021 18000000 		.4byte	.Ldebug_ranges0+0x18
 255 0025 00000000 		.4byte	.Ldebug_line0
 256 0029 02       		.uleb128 0x2
 257 002a 04       		.byte	0x4
 258 002b 05       		.byte	0x5
 259 002c 696E7400 		.ascii	"int\000"
 260 0030 03       		.uleb128 0x3
 261 0031 09000000 		.4byte	.LASF2
 262 0035 02       		.byte	0x2
 263 0036 D4       		.byte	0xd4
 264 0037 3B000000 		.4byte	0x3b
 265 003b 04       		.uleb128 0x4
 266 003c 04       		.byte	0x4
 267 003d 07       		.byte	0x7
 268 003e 4A010000 		.4byte	.LASF0
 269 0042 04       		.uleb128 0x4
 270 0043 01       		.byte	0x1
 271 0044 06       		.byte	0x6
 272 0045 AE000000 		.4byte	.LASF1
 273 0049 03       		.uleb128 0x3
 274 004a 8E040000 		.4byte	.LASF3
 275 004e 03       		.byte	0x3
 276 004f 2A       		.byte	0x2a
 277 0050 54000000 		.4byte	0x54
ARM GAS  /tmp/ccVj7nwT.s 			page 6


 278 0054 04       		.uleb128 0x4
 279 0055 01       		.byte	0x1
 280 0056 08       		.byte	0x8
 281 0057 1F030000 		.4byte	.LASF4
 282 005b 04       		.uleb128 0x4
 283 005c 02       		.byte	0x2
 284 005d 05       		.byte	0x5
 285 005e 52030000 		.4byte	.LASF5
 286 0062 03       		.uleb128 0x3
 287 0063 57010000 		.4byte	.LASF6
 288 0067 03       		.byte	0x3
 289 0068 36       		.byte	0x36
 290 0069 6D000000 		.4byte	0x6d
 291 006d 04       		.uleb128 0x4
 292 006e 02       		.byte	0x2
 293 006f 07       		.byte	0x7
 294 0070 91010000 		.4byte	.LASF7
 295 0074 03       		.uleb128 0x3
 296 0075 17030000 		.4byte	.LASF8
 297 0079 03       		.byte	0x3
 298 007a 4F       		.byte	0x4f
 299 007b 7F000000 		.4byte	0x7f
 300 007f 04       		.uleb128 0x4
 301 0080 04       		.byte	0x4
 302 0081 05       		.byte	0x5
 303 0082 DC000000 		.4byte	.LASF9
 304 0086 03       		.uleb128 0x3
 305 0087 61040000 		.4byte	.LASF10
 306 008b 03       		.byte	0x3
 307 008c 50       		.byte	0x50
 308 008d 91000000 		.4byte	0x91
 309 0091 04       		.uleb128 0x4
 310 0092 04       		.byte	0x4
 311 0093 07       		.byte	0x7
 312 0094 01040000 		.4byte	.LASF11
 313 0098 04       		.uleb128 0x4
 314 0099 08       		.byte	0x8
 315 009a 05       		.byte	0x5
 316 009b A0000000 		.4byte	.LASF12
 317 009f 03       		.uleb128 0x3
 318 00a0 17000000 		.4byte	.LASF13
 319 00a4 03       		.byte	0x3
 320 00a5 78       		.byte	0x78
 321 00a6 AA000000 		.4byte	0xaa
 322 00aa 04       		.uleb128 0x4
 323 00ab 08       		.byte	0x8
 324 00ac 07       		.byte	0x7
 325 00ad 4F000000 		.4byte	.LASF14
 326 00b1 03       		.uleb128 0x3
 327 00b2 41000000 		.4byte	.LASF15
 328 00b6 03       		.byte	0x3
 329 00b7 A6       		.byte	0xa6
 330 00b8 3B000000 		.4byte	0x3b
 331 00bc 03       		.uleb128 0x3
 332 00bd C7000000 		.4byte	.LASF16
 333 00c1 04       		.byte	0x4
 334 00c2 2E       		.byte	0x2e
ARM GAS  /tmp/ccVj7nwT.s 			page 7


 335 00c3 74000000 		.4byte	0x74
 336 00c7 03       		.uleb128 0x3
 337 00c8 C6010000 		.4byte	.LASF17
 338 00cc 04       		.byte	0x4
 339 00cd 2F       		.byte	0x2f
 340 00ce 49000000 		.4byte	0x49
 341 00d2 03       		.uleb128 0x3
 342 00d3 F1000000 		.4byte	.LASF18
 343 00d7 04       		.byte	0x4
 344 00d8 30       		.byte	0x30
 345 00d9 49000000 		.4byte	0x49
 346 00dd 03       		.uleb128 0x3
 347 00de B6020000 		.4byte	.LASF19
 348 00e2 04       		.byte	0x4
 349 00e3 31       		.byte	0x31
 350 00e4 49000000 		.4byte	0x49
 351 00e8 03       		.uleb128 0x3
 352 00e9 01030000 		.4byte	.LASF20
 353 00ed 04       		.byte	0x4
 354 00ee 32       		.byte	0x32
 355 00ef 86000000 		.4byte	0x86
 356 00f3 03       		.uleb128 0x3
 357 00f4 A4010000 		.4byte	.LASF21
 358 00f8 04       		.byte	0x4
 359 00f9 33       		.byte	0x33
 360 00fa 74000000 		.4byte	0x74
 361 00fe 03       		.uleb128 0x3
 362 00ff DA010000 		.4byte	.LASF22
 363 0103 04       		.byte	0x4
 364 0104 35       		.byte	0x35
 365 0105 86000000 		.4byte	0x86
 366 0109 03       		.uleb128 0x3
 367 010a 2B040000 		.4byte	.LASF23
 368 010e 04       		.byte	0x4
 369 010f 36       		.byte	0x36
 370 0110 86000000 		.4byte	0x86
 371 0114 03       		.uleb128 0x3
 372 0115 8A030000 		.4byte	.LASF24
 373 0119 05       		.byte	0x5
 374 011a 2A       		.byte	0x2a
 375 011b 1F010000 		.4byte	0x11f
 376 011f 05       		.uleb128 0x5
 377 0120 8A030000 		.4byte	.LASF24
 378 0124 48       		.byte	0x48
 379 0125 06       		.byte	0x6
 380 0126 5E       		.byte	0x5e
 381 0127 36020000 		.4byte	0x236
 382 012b 06       		.uleb128 0x6
 383 012c 6B030000 		.4byte	.LASF25
 384 0130 06       		.byte	0x6
 385 0131 5F       		.byte	0x5f
 386 0132 5B020000 		.4byte	0x25b
 387 0136 02       		.byte	0x2
 388 0137 23       		.byte	0x23
 389 0138 00       		.uleb128 0
 390 0139 06       		.uleb128 0x6
 391 013a F0020000 		.4byte	.LASF26
ARM GAS  /tmp/ccVj7nwT.s 			page 8


 392 013e 06       		.byte	0x6
 393 013f 61       		.byte	0x61
 394 0140 5B020000 		.4byte	0x25b
 395 0144 02       		.byte	0x2
 396 0145 23       		.byte	0x23
 397 0146 04       		.uleb128 0x4
 398 0147 06       		.uleb128 0x6
 399 0148 89000000 		.4byte	.LASF27
 400 014c 06       		.byte	0x6
 401 014d 63       		.byte	0x63
 402 014e E8000000 		.4byte	0xe8
 403 0152 02       		.byte	0x2
 404 0153 23       		.byte	0x23
 405 0154 08       		.uleb128 0x8
 406 0155 06       		.uleb128 0x6
 407 0156 ED040000 		.4byte	.LASF28
 408 015a 06       		.byte	0x6
 409 015b 64       		.byte	0x64
 410 015c 33030000 		.4byte	0x333
 411 0160 02       		.byte	0x2
 412 0161 23       		.byte	0x23
 413 0162 0C       		.uleb128 0xc
 414 0163 06       		.uleb128 0x6
 415 0164 19010000 		.4byte	.LASF29
 416 0168 06       		.byte	0x6
 417 0169 66       		.byte	0x66
 418 016a 5B020000 		.4byte	0x25b
 419 016e 02       		.byte	0x2
 420 016f 23       		.byte	0x23
 421 0170 10       		.uleb128 0x10
 422 0171 06       		.uleb128 0x6
 423 0172 41020000 		.4byte	.LASF30
 424 0176 06       		.byte	0x6
 425 0177 67       		.byte	0x67
 426 0178 5B020000 		.4byte	0x25b
 427 017c 02       		.byte	0x2
 428 017d 23       		.byte	0x23
 429 017e 14       		.uleb128 0x14
 430 017f 06       		.uleb128 0x6
 431 0180 70040000 		.4byte	.LASF31
 432 0184 06       		.byte	0x6
 433 0185 6E       		.byte	0x6e
 434 0186 46040000 		.4byte	0x446
 435 018a 02       		.byte	0x2
 436 018b 23       		.byte	0x23
 437 018c 18       		.uleb128 0x18
 438 018d 06       		.uleb128 0x6
 439 018e 5C030000 		.4byte	.LASF32
 440 0192 06       		.byte	0x6
 441 0193 79       		.byte	0x79
 442 0194 D2000000 		.4byte	0xd2
 443 0198 02       		.byte	0x2
 444 0199 23       		.byte	0x23
 445 019a 1C       		.uleb128 0x1c
 446 019b 06       		.uleb128 0x6
 447 019c 72030000 		.4byte	.LASF33
 448 01a0 06       		.byte	0x6
ARM GAS  /tmp/ccVj7nwT.s 			page 9


 449 01a1 7D       		.byte	0x7d
 450 01a2 C7000000 		.4byte	0xc7
 451 01a6 02       		.byte	0x2
 452 01a7 23       		.byte	0x23
 453 01a8 1D       		.uleb128 0x1d
 454 01a9 06       		.uleb128 0x6
 455 01aa FA000000 		.4byte	.LASF34
 456 01ae 06       		.byte	0x6
 457 01af 82       		.byte	0x82
 458 01b0 DD000000 		.4byte	0xdd
 459 01b4 02       		.byte	0x2
 460 01b5 23       		.byte	0x23
 461 01b6 1E       		.uleb128 0x1e
 462 01b7 06       		.uleb128 0x6
 463 01b8 12010000 		.4byte	.LASF35
 464 01bc 06       		.byte	0x6
 465 01bd 89       		.byte	0x89
 466 01be 56030000 		.4byte	0x356
 467 01c2 02       		.byte	0x2
 468 01c3 23       		.byte	0x23
 469 01c4 20       		.uleb128 0x20
 470 01c5 07       		.uleb128 0x7
 471 01c6 705F7500 		.ascii	"p_u\000"
 472 01ca 06       		.byte	0x6
 473 01cb AE       		.byte	0xae
 474 01cc 11040000 		.4byte	0x411
 475 01d0 02       		.byte	0x2
 476 01d1 23       		.byte	0x23
 477 01d2 24       		.uleb128 0x24
 478 01d3 06       		.uleb128 0x6
 479 01d4 F3040000 		.4byte	.LASF36
 480 01d8 06       		.byte	0x6
 481 01d9 B3       		.byte	0xb3
 482 01da 83020000 		.4byte	0x283
 483 01de 02       		.byte	0x2
 484 01df 23       		.byte	0x23
 485 01e0 28       		.uleb128 0x28
 486 01e1 06       		.uleb128 0x6
 487 01e2 77010000 		.4byte	.LASF37
 488 01e6 06       		.byte	0x6
 489 01e7 B9       		.byte	0xb9
 490 01e8 61020000 		.4byte	0x261
 491 01ec 02       		.byte	0x2
 492 01ed 23       		.byte	0x23
 493 01ee 2C       		.uleb128 0x2c
 494 01ef 06       		.uleb128 0x6
 495 01f0 88040000 		.4byte	.LASF38
 496 01f4 06       		.byte	0x6
 497 01f5 BD       		.byte	0xbd
 498 01f6 F3000000 		.4byte	0xf3
 499 01fa 02       		.byte	0x2
 500 01fb 23       		.byte	0x23
 501 01fc 34       		.uleb128 0x34
 502 01fd 06       		.uleb128 0x6
 503 01fe A2030000 		.4byte	.LASF39
 504 0202 06       		.byte	0x6
 505 0203 C3       		.byte	0xc3
ARM GAS  /tmp/ccVj7nwT.s 			page 10


 506 0204 FE000000 		.4byte	0xfe
 507 0208 02       		.byte	0x2
 508 0209 23       		.byte	0x23
 509 020a 38       		.uleb128 0x38
 510 020b 06       		.uleb128 0x6
 511 020c 48030000 		.4byte	.LASF40
 512 0210 06       		.byte	0x6
 513 0211 CA       		.byte	0xca
 514 0212 58040000 		.4byte	0x458
 515 0216 02       		.byte	0x2
 516 0217 23       		.byte	0x23
 517 0218 3C       		.uleb128 0x3c
 518 0219 06       		.uleb128 0x6
 519 021a 35040000 		.4byte	.LASF41
 520 021e 06       		.byte	0x6
 521 021f CE       		.byte	0xce
 522 0220 E8000000 		.4byte	0xe8
 523 0224 02       		.byte	0x2
 524 0225 23       		.byte	0x23
 525 0226 40       		.uleb128 0x40
 526 0227 06       		.uleb128 0x6
 527 0228 BF000000 		.4byte	.LASF42
 528 022c 06       		.byte	0x6
 529 022d D4       		.byte	0xd4
 530 022e 99020000 		.4byte	0x299
 531 0232 02       		.byte	0x2
 532 0233 23       		.byte	0x23
 533 0234 44       		.uleb128 0x44
 534 0235 00       		.byte	0
 535 0236 08       		.uleb128 0x8
 536 0237 08       		.byte	0x8
 537 0238 05       		.byte	0x5
 538 0239 61       		.byte	0x61
 539 023a 5B020000 		.4byte	0x25b
 540 023e 06       		.uleb128 0x6
 541 023f 6B030000 		.4byte	.LASF25
 542 0243 05       		.byte	0x5
 543 0244 62       		.byte	0x62
 544 0245 5B020000 		.4byte	0x25b
 545 0249 02       		.byte	0x2
 546 024a 23       		.byte	0x23
 547 024b 00       		.uleb128 0
 548 024c 06       		.uleb128 0x6
 549 024d F0020000 		.4byte	.LASF26
 550 0251 05       		.byte	0x5
 551 0252 64       		.byte	0x64
 552 0253 5B020000 		.4byte	0x25b
 553 0257 02       		.byte	0x2
 554 0258 23       		.byte	0x23
 555 0259 04       		.uleb128 0x4
 556 025a 00       		.byte	0
 557 025b 09       		.uleb128 0x9
 558 025c 04       		.byte	0x4
 559 025d 14010000 		.4byte	0x114
 560 0261 03       		.uleb128 0x3
 561 0262 8C020000 		.4byte	.LASF43
 562 0266 05       		.byte	0x5
ARM GAS  /tmp/ccVj7nwT.s 			page 11


 563 0267 66       		.byte	0x66
 564 0268 36020000 		.4byte	0x236
 565 026c 08       		.uleb128 0x8
 566 026d 04       		.byte	0x4
 567 026e 05       		.byte	0x5
 568 026f 6B       		.byte	0x6b
 569 0270 83020000 		.4byte	0x283
 570 0274 06       		.uleb128 0x6
 571 0275 6B030000 		.4byte	.LASF25
 572 0279 05       		.byte	0x5
 573 027a 6D       		.byte	0x6d
 574 027b 5B020000 		.4byte	0x25b
 575 027f 02       		.byte	0x2
 576 0280 23       		.byte	0x23
 577 0281 00       		.uleb128 0
 578 0282 00       		.byte	0
 579 0283 03       		.uleb128 0x3
 580 0284 CE010000 		.4byte	.LASF44
 581 0288 05       		.byte	0x5
 582 0289 70       		.byte	0x70
 583 028a 6C020000 		.4byte	0x26c
 584 028e 03       		.uleb128 0x3
 585 028f 2F010000 		.4byte	.LASF45
 586 0293 07       		.byte	0x7
 587 0294 D7       		.byte	0xd7
 588 0295 99020000 		.4byte	0x299
 589 0299 0A       		.uleb128 0xa
 590 029a 04       		.byte	0x4
 591 029b 03       		.uleb128 0x3
 592 029c FD010000 		.4byte	.LASF46
 593 02a0 07       		.byte	0x7
 594 02a1 DD       		.byte	0xdd
 595 02a2 9F000000 		.4byte	0x9f
 596 02a6 05       		.uleb128 0x5
 597 02a7 51040000 		.4byte	.LASF47
 598 02ab 24       		.byte	0x24
 599 02ac 07       		.byte	0x7
 600 02ad FE       		.byte	0xfe
 601 02ae 33030000 		.4byte	0x333
 602 02b2 0B       		.uleb128 0xb
 603 02b3 723400   		.ascii	"r4\000"
 604 02b6 07       		.byte	0x7
 605 02b7 1101     		.2byte	0x111
 606 02b9 8E020000 		.4byte	0x28e
 607 02bd 02       		.byte	0x2
 608 02be 23       		.byte	0x23
 609 02bf 00       		.uleb128 0
 610 02c0 0B       		.uleb128 0xb
 611 02c1 723500   		.ascii	"r5\000"
 612 02c4 07       		.byte	0x7
 613 02c5 1201     		.2byte	0x112
 614 02c7 8E020000 		.4byte	0x28e
 615 02cb 02       		.byte	0x2
 616 02cc 23       		.byte	0x23
 617 02cd 04       		.uleb128 0x4
 618 02ce 0B       		.uleb128 0xb
 619 02cf 723600   		.ascii	"r6\000"
ARM GAS  /tmp/ccVj7nwT.s 			page 12


 620 02d2 07       		.byte	0x7
 621 02d3 1301     		.2byte	0x113
 622 02d5 8E020000 		.4byte	0x28e
 623 02d9 02       		.byte	0x2
 624 02da 23       		.byte	0x23
 625 02db 08       		.uleb128 0x8
 626 02dc 0B       		.uleb128 0xb
 627 02dd 723700   		.ascii	"r7\000"
 628 02e0 07       		.byte	0x7
 629 02e1 1401     		.2byte	0x114
 630 02e3 8E020000 		.4byte	0x28e
 631 02e7 02       		.byte	0x2
 632 02e8 23       		.byte	0x23
 633 02e9 0C       		.uleb128 0xc
 634 02ea 0B       		.uleb128 0xb
 635 02eb 723800   		.ascii	"r8\000"
 636 02ee 07       		.byte	0x7
 637 02ef 1501     		.2byte	0x115
 638 02f1 8E020000 		.4byte	0x28e
 639 02f5 02       		.byte	0x2
 640 02f6 23       		.byte	0x23
 641 02f7 10       		.uleb128 0x10
 642 02f8 0B       		.uleb128 0xb
 643 02f9 723900   		.ascii	"r9\000"
 644 02fc 07       		.byte	0x7
 645 02fd 1601     		.2byte	0x116
 646 02ff 8E020000 		.4byte	0x28e
 647 0303 02       		.byte	0x2
 648 0304 23       		.byte	0x23
 649 0305 14       		.uleb128 0x14
 650 0306 0B       		.uleb128 0xb
 651 0307 72313000 		.ascii	"r10\000"
 652 030b 07       		.byte	0x7
 653 030c 1701     		.2byte	0x117
 654 030e 8E020000 		.4byte	0x28e
 655 0312 02       		.byte	0x2
 656 0313 23       		.byte	0x23
 657 0314 18       		.uleb128 0x18
 658 0315 0B       		.uleb128 0xb
 659 0316 72313100 		.ascii	"r11\000"
 660 031a 07       		.byte	0x7
 661 031b 1801     		.2byte	0x118
 662 031d 8E020000 		.4byte	0x28e
 663 0321 02       		.byte	0x2
 664 0322 23       		.byte	0x23
 665 0323 1C       		.uleb128 0x1c
 666 0324 0B       		.uleb128 0xb
 667 0325 6C7200   		.ascii	"lr\000"
 668 0328 07       		.byte	0x7
 669 0329 1901     		.2byte	0x119
 670 032b 8E020000 		.4byte	0x28e
 671 032f 02       		.byte	0x2
 672 0330 23       		.byte	0x23
 673 0331 20       		.uleb128 0x20
 674 0332 00       		.byte	0
 675 0333 0C       		.uleb128 0xc
 676 0334 49040000 		.4byte	.LASF48
ARM GAS  /tmp/ccVj7nwT.s 			page 13


 677 0338 04       		.byte	0x4
 678 0339 07       		.byte	0x7
 679 033a 2301     		.2byte	0x123
 680 033c 50030000 		.4byte	0x350
 681 0340 0B       		.uleb128 0xb
 682 0341 72313300 		.ascii	"r13\000"
 683 0345 07       		.byte	0x7
 684 0346 2401     		.2byte	0x124
 685 0348 50030000 		.4byte	0x350
 686 034c 02       		.byte	0x2
 687 034d 23       		.byte	0x23
 688 034e 00       		.uleb128 0
 689 034f 00       		.byte	0
 690 0350 09       		.uleb128 0x9
 691 0351 04       		.byte	0x4
 692 0352 A6020000 		.4byte	0x2a6
 693 0356 0D       		.uleb128 0xd
 694 0357 09010000 		.4byte	0x109
 695 035b 05       		.uleb128 0x5
 696 035c 3B020000 		.4byte	.LASF49
 697 0360 10       		.byte	0x10
 698 0361 08       		.byte	0x8
 699 0362 2C       		.byte	0x2c
 700 0363 92030000 		.4byte	0x392
 701 0367 06       		.uleb128 0x6
 702 0368 CE000000 		.4byte	.LASF50
 703 036c 08       		.byte	0x8
 704 036d 2D       		.byte	0x2d
 705 036e 61020000 		.4byte	0x261
 706 0372 02       		.byte	0x2
 707 0373 23       		.byte	0x23
 708 0374 00       		.uleb128 0
 709 0375 06       		.uleb128 0x6
 710 0376 E5040000 		.4byte	.LASF51
 711 037a 08       		.byte	0x8
 712 037b 2F       		.byte	0x2f
 713 037c 5B020000 		.4byte	0x25b
 714 0380 02       		.byte	0x2
 715 0381 23       		.byte	0x23
 716 0382 08       		.uleb128 0x8
 717 0383 06       		.uleb128 0x6
 718 0384 24040000 		.4byte	.LASF52
 719 0388 08       		.byte	0x8
 720 0389 31       		.byte	0x31
 721 038a 92030000 		.4byte	0x392
 722 038e 02       		.byte	0x2
 723 038f 23       		.byte	0x23
 724 0390 0C       		.uleb128 0xc
 725 0391 00       		.byte	0
 726 0392 09       		.uleb128 0x9
 727 0393 04       		.byte	0x4
 728 0394 5B030000 		.4byte	0x35b
 729 0398 03       		.uleb128 0x3
 730 0399 3B020000 		.4byte	.LASF49
 731 039d 08       		.byte	0x8
 732 039e 33       		.byte	0x33
 733 039f 5B030000 		.4byte	0x35b
ARM GAS  /tmp/ccVj7nwT.s 			page 14


 734 03a3 03       		.uleb128 0x3
 735 03a4 A7040000 		.4byte	.LASF53
 736 03a8 09       		.byte	0x9
 737 03a9 29       		.byte	0x29
 738 03aa AE030000 		.4byte	0x3ae
 739 03ae 05       		.uleb128 0x5
 740 03af A7040000 		.4byte	.LASF53
 741 03b3 0C       		.byte	0xc
 742 03b4 09       		.byte	0x9
 743 03b5 2E       		.byte	0x2e
 744 03b6 E5030000 		.4byte	0x3e5
 745 03ba 06       		.uleb128 0x6
 746 03bb 7A030000 		.4byte	.LASF54
 747 03bf 09       		.byte	0x9
 748 03c0 2F       		.byte	0x2f
 749 03c1 E5030000 		.4byte	0x3e5
 750 03c5 02       		.byte	0x2
 751 03c6 23       		.byte	0x23
 752 03c7 00       		.uleb128 0
 753 03c8 06       		.uleb128 0x6
 754 03c9 2D030000 		.4byte	.LASF55
 755 03cd 09       		.byte	0x9
 756 03ce 32       		.byte	0x32
 757 03cf 5B020000 		.4byte	0x25b
 758 03d3 02       		.byte	0x2
 759 03d4 23       		.byte	0x23
 760 03d5 04       		.uleb128 0x4
 761 03d6 06       		.uleb128 0x6
 762 03d7 99020000 		.4byte	.LASF56
 763 03db 09       		.byte	0x9
 764 03dc 34       		.byte	0x34
 765 03dd FE000000 		.4byte	0xfe
 766 03e1 02       		.byte	0x2
 767 03e2 23       		.byte	0x23
 768 03e3 08       		.uleb128 0x8
 769 03e4 00       		.byte	0
 770 03e5 09       		.uleb128 0x9
 771 03e6 04       		.byte	0x4
 772 03e7 A3030000 		.4byte	0x3a3
 773 03eb 05       		.uleb128 0x5
 774 03ec 38010000 		.4byte	.LASF57
 775 03f0 04       		.byte	0x4
 776 03f1 09       		.byte	0x9
 777 03f2 3C       		.byte	0x3c
 778 03f3 06040000 		.4byte	0x406
 779 03f7 06       		.uleb128 0x6
 780 03f8 77040000 		.4byte	.LASF58
 781 03fc 09       		.byte	0x9
 782 03fd 3D       		.byte	0x3d
 783 03fe E5030000 		.4byte	0x3e5
 784 0402 02       		.byte	0x2
 785 0403 23       		.byte	0x23
 786 0404 00       		.uleb128 0
 787 0405 00       		.byte	0
 788 0406 03       		.uleb128 0x3
 789 0407 38010000 		.4byte	.LASF57
 790 040b 09       		.byte	0x9
ARM GAS  /tmp/ccVj7nwT.s 			page 15


 791 040c 40       		.byte	0x40
 792 040d EB030000 		.4byte	0x3eb
 793 0411 0E       		.uleb128 0xe
 794 0412 04       		.byte	0x4
 795 0413 06       		.byte	0x6
 796 0414 90       		.byte	0x90
 797 0415 46040000 		.4byte	0x446
 798 0419 0F       		.uleb128 0xf
 799 041a 10000000 		.4byte	.LASF59
 800 041e 06       		.byte	0x6
 801 041f 97       		.byte	0x97
 802 0420 F3000000 		.4byte	0xf3
 803 0424 0F       		.uleb128 0xf
 804 0425 66000000 		.4byte	.LASF60
 805 0429 06       		.byte	0x6
 806 042a 9E       		.byte	0x9e
 807 042b F3000000 		.4byte	0xf3
 808 042f 0F       		.uleb128 0xf
 809 0430 B5040000 		.4byte	.LASF61
 810 0434 06       		.byte	0x6
 811 0435 A5       		.byte	0xa5
 812 0436 99020000 		.4byte	0x299
 813 043a 0F       		.uleb128 0xf
 814 043b 64030000 		.4byte	.LASF62
 815 043f 06       		.byte	0x6
 816 0440 AC       		.byte	0xac
 817 0441 FE000000 		.4byte	0xfe
 818 0445 00       		.byte	0
 819 0446 09       		.uleb128 0x9
 820 0447 04       		.byte	0x4
 821 0448 4C040000 		.4byte	0x44c
 822 044c 10       		.uleb128 0x10
 823 044d 51040000 		.4byte	0x451
 824 0451 04       		.uleb128 0x4
 825 0452 01       		.byte	0x1
 826 0453 08       		.byte	0x8
 827 0454 18040000 		.4byte	.LASF63
 828 0458 09       		.uleb128 0x9
 829 0459 04       		.byte	0x4
 830 045a 98030000 		.4byte	0x398
 831 045e 03       		.uleb128 0x3
 832 045f F0010000 		.4byte	.LASF64
 833 0463 0A       		.byte	0xa
 834 0464 37       		.byte	0x37
 835 0465 69040000 		.4byte	0x469
 836 0469 05       		.uleb128 0x5
 837 046a F0010000 		.4byte	.LASF64
 838 046e 20       		.byte	0x20
 839 046f 0A       		.byte	0xa
 840 0470 45       		.byte	0x45
 841 0471 D8040000 		.4byte	0x4d8
 842 0475 06       		.uleb128 0x6
 843 0476 96000000 		.4byte	.LASF65
 844 047a 0A       		.byte	0xa
 845 047b 46       		.byte	0x46
 846 047c 61020000 		.4byte	0x261
 847 0480 02       		.byte	0x2
ARM GAS  /tmp/ccVj7nwT.s 			page 16


 848 0481 23       		.byte	0x23
 849 0482 00       		.uleb128 0
 850 0483 06       		.uleb128 0x6
 851 0484 31020000 		.4byte	.LASF66
 852 0488 0A       		.byte	0xa
 853 0489 47       		.byte	0x47
 854 048a 30000000 		.4byte	0x30
 855 048e 02       		.byte	0x2
 856 048f 23       		.byte	0x23
 857 0490 08       		.uleb128 0x8
 858 0491 06       		.uleb128 0x6
 859 0492 01010000 		.4byte	.LASF67
 860 0496 0A       		.byte	0xa
 861 0497 48       		.byte	0x48
 862 0498 FB040000 		.4byte	0x4fb
 863 049c 02       		.byte	0x2
 864 049d 23       		.byte	0x23
 865 049e 0C       		.uleb128 0xc
 866 049f 06       		.uleb128 0x6
 867 04a0 6A040000 		.4byte	.LASF68
 868 04a4 0A       		.byte	0xa
 869 04a5 49       		.byte	0x49
 870 04a6 FB040000 		.4byte	0x4fb
 871 04aa 02       		.byte	0x2
 872 04ab 23       		.byte	0x23
 873 04ac 10       		.uleb128 0x10
 874 04ad 06       		.uleb128 0x6
 875 04ae 0A010000 		.4byte	.LASF69
 876 04b2 0A       		.byte	0xa
 877 04b3 4B       		.byte	0x4b
 878 04b4 FB040000 		.4byte	0x4fb
 879 04b8 02       		.byte	0x2
 880 04b9 23       		.byte	0x23
 881 04ba 14       		.uleb128 0x14
 882 04bb 06       		.uleb128 0x6
 883 04bc 09030000 		.4byte	.LASF70
 884 04c0 0A       		.byte	0xa
 885 04c1 4C       		.byte	0x4c
 886 04c2 FB040000 		.4byte	0x4fb
 887 04c6 02       		.byte	0x2
 888 04c7 23       		.byte	0x23
 889 04c8 18       		.uleb128 0x18
 890 04c9 06       		.uleb128 0x6
 891 04ca 7F040000 		.4byte	.LASF71
 892 04ce 0A       		.byte	0xa
 893 04cf 4D       		.byte	0x4d
 894 04d0 D8040000 		.4byte	0x4d8
 895 04d4 02       		.byte	0x2
 896 04d5 23       		.byte	0x23
 897 04d6 1C       		.uleb128 0x1c
 898 04d7 00       		.byte	0
 899 04d8 03       		.uleb128 0x3
 900 04d9 E6010000 		.4byte	.LASF72
 901 04dd 0A       		.byte	0xa
 902 04de 3A       		.byte	0x3a
 903 04df E3040000 		.4byte	0x4e3
 904 04e3 09       		.uleb128 0x9
ARM GAS  /tmp/ccVj7nwT.s 			page 17


 905 04e4 04       		.byte	0x4
 906 04e5 E9040000 		.4byte	0x4e9
 907 04e9 11       		.uleb128 0x11
 908 04ea 01       		.byte	0x1
 909 04eb F5040000 		.4byte	0x4f5
 910 04ef 12       		.uleb128 0x12
 911 04f0 F5040000 		.4byte	0x4f5
 912 04f4 00       		.byte	0
 913 04f5 09       		.uleb128 0x9
 914 04f6 04       		.byte	0x4
 915 04f7 5E040000 		.4byte	0x45e
 916 04fb 09       		.uleb128 0x9
 917 04fc 04       		.byte	0x4
 918 04fd 49000000 		.4byte	0x49
 919 0501 03       		.uleb128 0x3
 920 0502 96040000 		.4byte	.LASF73
 921 0506 0A       		.byte	0xa
 922 0507 76       		.byte	0x76
 923 0508 5E040000 		.4byte	0x45e
 924 050c 03       		.uleb128 0x3
 925 050d 20000000 		.4byte	.LASF74
 926 0511 0A       		.byte	0xa
 927 0512 E6       		.byte	0xe6
 928 0513 5E040000 		.4byte	0x45e
 929 0517 13       		.uleb128 0x13
 930 0518 01       		.byte	0x1
 931 0519 30000000 		.4byte	0x30
 932 051d 31050000 		.4byte	0x531
 933 0521 12       		.uleb128 0x12
 934 0522 99020000 		.4byte	0x299
 935 0526 12       		.uleb128 0x12
 936 0527 31050000 		.4byte	0x531
 937 052b 12       		.uleb128 0x12
 938 052c 30000000 		.4byte	0x30
 939 0530 00       		.byte	0
 940 0531 09       		.uleb128 0x9
 941 0532 04       		.byte	0x4
 942 0533 37050000 		.4byte	0x537
 943 0537 10       		.uleb128 0x10
 944 0538 49000000 		.4byte	0x49
 945 053c 09       		.uleb128 0x9
 946 053d 04       		.byte	0x4
 947 053e 17050000 		.4byte	0x517
 948 0542 13       		.uleb128 0x13
 949 0543 01       		.byte	0x1
 950 0544 30000000 		.4byte	0x30
 951 0548 5C050000 		.4byte	0x55c
 952 054c 12       		.uleb128 0x12
 953 054d 99020000 		.4byte	0x299
 954 0551 12       		.uleb128 0x12
 955 0552 FB040000 		.4byte	0x4fb
 956 0556 12       		.uleb128 0x12
 957 0557 30000000 		.4byte	0x30
 958 055b 00       		.byte	0
 959 055c 09       		.uleb128 0x9
 960 055d 04       		.byte	0x4
 961 055e 42050000 		.4byte	0x542
ARM GAS  /tmp/ccVj7nwT.s 			page 18


 962 0562 13       		.uleb128 0x13
 963 0563 01       		.byte	0x1
 964 0564 BC000000 		.4byte	0xbc
 965 0568 72050000 		.4byte	0x572
 966 056c 12       		.uleb128 0x12
 967 056d 99020000 		.4byte	0x299
 968 0571 00       		.byte	0
 969 0572 09       		.uleb128 0x9
 970 0573 04       		.byte	0x4
 971 0574 62050000 		.4byte	0x562
 972 0578 13       		.uleb128 0x13
 973 0579 01       		.byte	0x1
 974 057a F3000000 		.4byte	0xf3
 975 057e 92050000 		.4byte	0x592
 976 0582 12       		.uleb128 0x12
 977 0583 99020000 		.4byte	0x299
 978 0587 12       		.uleb128 0x12
 979 0588 49000000 		.4byte	0x49
 980 058c 12       		.uleb128 0x12
 981 058d 09010000 		.4byte	0x109
 982 0591 00       		.byte	0
 983 0592 09       		.uleb128 0x9
 984 0593 04       		.byte	0x4
 985 0594 78050000 		.4byte	0x578
 986 0598 13       		.uleb128 0x13
 987 0599 01       		.byte	0x1
 988 059a F3000000 		.4byte	0xf3
 989 059e AD050000 		.4byte	0x5ad
 990 05a2 12       		.uleb128 0x12
 991 05a3 99020000 		.4byte	0x299
 992 05a7 12       		.uleb128 0x12
 993 05a8 09010000 		.4byte	0x109
 994 05ac 00       		.byte	0
 995 05ad 09       		.uleb128 0x9
 996 05ae 04       		.byte	0x4
 997 05af 98050000 		.4byte	0x598
 998 05b3 13       		.uleb128 0x13
 999 05b4 01       		.byte	0x1
 1000 05b5 30000000 		.4byte	0x30
 1001 05b9 D2050000 		.4byte	0x5d2
 1002 05bd 12       		.uleb128 0x12
 1003 05be 99020000 		.4byte	0x299
 1004 05c2 12       		.uleb128 0x12
 1005 05c3 31050000 		.4byte	0x531
 1006 05c7 12       		.uleb128 0x12
 1007 05c8 30000000 		.4byte	0x30
 1008 05cc 12       		.uleb128 0x12
 1009 05cd 09010000 		.4byte	0x109
 1010 05d1 00       		.byte	0
 1011 05d2 09       		.uleb128 0x9
 1012 05d3 04       		.byte	0x4
 1013 05d4 B3050000 		.4byte	0x5b3
 1014 05d8 13       		.uleb128 0x13
 1015 05d9 01       		.byte	0x1
 1016 05da 30000000 		.4byte	0x30
 1017 05de F7050000 		.4byte	0x5f7
 1018 05e2 12       		.uleb128 0x12
ARM GAS  /tmp/ccVj7nwT.s 			page 19


 1019 05e3 99020000 		.4byte	0x299
 1020 05e7 12       		.uleb128 0x12
 1021 05e8 FB040000 		.4byte	0x4fb
 1022 05ec 12       		.uleb128 0x12
 1023 05ed 30000000 		.4byte	0x30
 1024 05f1 12       		.uleb128 0x12
 1025 05f2 09010000 		.4byte	0x109
 1026 05f6 00       		.byte	0
 1027 05f7 09       		.uleb128 0x9
 1028 05f8 04       		.byte	0x4
 1029 05f9 D8050000 		.4byte	0x5d8
 1030 05fd 14       		.uleb128 0x14
 1031 05fe 49020000 		.4byte	.LASF75
 1032 0602 0B       		.byte	0xb
 1033 0603 0B01     		.2byte	0x10b
 1034 0605 B1000000 		.4byte	0xb1
 1035 0609 13       		.uleb128 0x13
 1036 060a 01       		.byte	0x1
 1037 060b FD050000 		.4byte	0x5fd
 1038 060f 19060000 		.4byte	0x619
 1039 0613 12       		.uleb128 0x12
 1040 0614 99020000 		.4byte	0x299
 1041 0618 00       		.byte	0
 1042 0619 09       		.uleb128 0x9
 1043 061a 04       		.byte	0x4
 1044 061b 09060000 		.4byte	0x609
 1045 061f 0D       		.uleb128 0xd
 1046 0620 62000000 		.4byte	0x62
 1047 0624 0D       		.uleb128 0xd
 1048 0625 74000000 		.4byte	0x74
 1049 0629 15       		.uleb128 0x15
 1050 062a 1C       		.byte	0x1c
 1051 062b 0C       		.byte	0xc
 1052 062c 9303     		.2byte	0x393
 1053 062e 03070000 		.4byte	0x703
 1054 0632 0B       		.uleb128 0xb
 1055 0633 535200   		.ascii	"SR\000"
 1056 0636 0C       		.byte	0xc
 1057 0637 9503     		.2byte	0x395
 1058 0639 1F060000 		.4byte	0x61f
 1059 063d 02       		.byte	0x2
 1060 063e 23       		.byte	0x23
 1061 063f 00       		.uleb128 0
 1062 0640 16       		.uleb128 0x16
 1063 0641 BE020000 		.4byte	.LASF76
 1064 0645 0C       		.byte	0xc
 1065 0646 9603     		.2byte	0x396
 1066 0648 62000000 		.4byte	0x62
 1067 064c 02       		.byte	0x2
 1068 064d 23       		.byte	0x23
 1069 064e 02       		.uleb128 0x2
 1070 064f 0B       		.uleb128 0xb
 1071 0650 445200   		.ascii	"DR\000"
 1072 0653 0C       		.byte	0xc
 1073 0654 9703     		.2byte	0x397
 1074 0656 1F060000 		.4byte	0x61f
 1075 065a 02       		.byte	0x2
ARM GAS  /tmp/ccVj7nwT.s 			page 20


 1076 065b 23       		.byte	0x23
 1077 065c 04       		.uleb128 0x4
 1078 065d 16       		.uleb128 0x16
 1079 065e C8020000 		.4byte	.LASF77
 1080 0662 0C       		.byte	0xc
 1081 0663 9803     		.2byte	0x398
 1082 0665 62000000 		.4byte	0x62
 1083 0669 02       		.byte	0x2
 1084 066a 23       		.byte	0x23
 1085 066b 06       		.uleb128 0x6
 1086 066c 0B       		.uleb128 0xb
 1087 066d 42525200 		.ascii	"BRR\000"
 1088 0671 0C       		.byte	0xc
 1089 0672 9903     		.2byte	0x399
 1090 0674 1F060000 		.4byte	0x61f
 1091 0678 02       		.byte	0x2
 1092 0679 23       		.byte	0x23
 1093 067a 08       		.uleb128 0x8
 1094 067b 16       		.uleb128 0x16
 1095 067c D2020000 		.4byte	.LASF78
 1096 0680 0C       		.byte	0xc
 1097 0681 9A03     		.2byte	0x39a
 1098 0683 62000000 		.4byte	0x62
 1099 0687 02       		.byte	0x2
 1100 0688 23       		.byte	0x23
 1101 0689 0A       		.uleb128 0xa
 1102 068a 0B       		.uleb128 0xb
 1103 068b 43523100 		.ascii	"CR1\000"
 1104 068f 0C       		.byte	0xc
 1105 0690 9B03     		.2byte	0x39b
 1106 0692 1F060000 		.4byte	0x61f
 1107 0696 02       		.byte	0x2
 1108 0697 23       		.byte	0x23
 1109 0698 0C       		.uleb128 0xc
 1110 0699 16       		.uleb128 0x16
 1111 069a DC020000 		.4byte	.LASF79
 1112 069e 0C       		.byte	0xc
 1113 069f 9C03     		.2byte	0x39c
 1114 06a1 62000000 		.4byte	0x62
 1115 06a5 02       		.byte	0x2
 1116 06a6 23       		.byte	0x23
 1117 06a7 0E       		.uleb128 0xe
 1118 06a8 0B       		.uleb128 0xb
 1119 06a9 43523200 		.ascii	"CR2\000"
 1120 06ad 0C       		.byte	0xc
 1121 06ae 9D03     		.2byte	0x39d
 1122 06b0 1F060000 		.4byte	0x61f
 1123 06b4 02       		.byte	0x2
 1124 06b5 23       		.byte	0x23
 1125 06b6 10       		.uleb128 0x10
 1126 06b7 16       		.uleb128 0x16
 1127 06b8 E6020000 		.4byte	.LASF80
 1128 06bc 0C       		.byte	0xc
 1129 06bd 9E03     		.2byte	0x39e
 1130 06bf 62000000 		.4byte	0x62
 1131 06c3 02       		.byte	0x2
 1132 06c4 23       		.byte	0x23
ARM GAS  /tmp/ccVj7nwT.s 			page 21


 1133 06c5 12       		.uleb128 0x12
 1134 06c6 0B       		.uleb128 0xb
 1135 06c7 43523300 		.ascii	"CR3\000"
 1136 06cb 0C       		.byte	0xc
 1137 06cc 9F03     		.2byte	0x39f
 1138 06ce 1F060000 		.4byte	0x61f
 1139 06d2 02       		.byte	0x2
 1140 06d3 23       		.byte	0x23
 1141 06d4 14       		.uleb128 0x14
 1142 06d5 16       		.uleb128 0x16
 1143 06d6 B7030000 		.4byte	.LASF81
 1144 06da 0C       		.byte	0xc
 1145 06db A003     		.2byte	0x3a0
 1146 06dd 62000000 		.4byte	0x62
 1147 06e1 02       		.byte	0x2
 1148 06e2 23       		.byte	0x23
 1149 06e3 16       		.uleb128 0x16
 1150 06e4 16       		.uleb128 0x16
 1151 06e5 BA000000 		.4byte	.LASF82
 1152 06e9 0C       		.byte	0xc
 1153 06ea A103     		.2byte	0x3a1
 1154 06ec 1F060000 		.4byte	0x61f
 1155 06f0 02       		.byte	0x2
 1156 06f1 23       		.byte	0x23
 1157 06f2 18       		.uleb128 0x18
 1158 06f3 16       		.uleb128 0x16
 1159 06f4 F7020000 		.4byte	.LASF83
 1160 06f8 0C       		.byte	0xc
 1161 06f9 A203     		.2byte	0x3a2
 1162 06fb 62000000 		.4byte	0x62
 1163 06ff 02       		.byte	0x2
 1164 0700 23       		.byte	0x23
 1165 0701 1A       		.uleb128 0x1a
 1166 0702 00       		.byte	0
 1167 0703 14       		.uleb128 0x14
 1168 0704 B1010000 		.4byte	.LASF84
 1169 0708 0C       		.byte	0xc
 1170 0709 A303     		.2byte	0x3a3
 1171 070b 29060000 		.4byte	0x629
 1172 070f 17       		.uleb128 0x17
 1173 0710 01       		.byte	0x1
 1174 0711 0D       		.byte	0xd
 1175 0712 64       		.byte	0x64
 1176 0713 2A070000 		.4byte	0x72a
 1177 0717 18       		.uleb128 0x18
 1178 0718 AD030000 		.4byte	.LASF85
 1179 071c 00       		.sleb128 0
 1180 071d 18       		.uleb128 0x18
 1181 071e 82030000 		.4byte	.LASF86
 1182 0722 01       		.sleb128 1
 1183 0723 18       		.uleb128 0x18
 1184 0724 58040000 		.4byte	.LASF87
 1185 0728 02       		.sleb128 2
 1186 0729 00       		.byte	0
 1187 072a 03       		.uleb128 0x3
 1188 072b CE030000 		.4byte	.LASF88
 1189 072f 0D       		.byte	0xd
ARM GAS  /tmp/ccVj7nwT.s 			page 22


 1190 0730 68       		.byte	0x68
 1191 0731 0F070000 		.4byte	0x70f
 1192 0735 03       		.uleb128 0x3
 1193 0736 D8030000 		.4byte	.LASF89
 1194 073a 0D       		.byte	0xd
 1195 073b 6D       		.byte	0x6d
 1196 073c 40070000 		.4byte	0x740
 1197 0740 05       		.uleb128 0x5
 1198 0741 D8030000 		.4byte	.LASF89
 1199 0745 74       		.byte	0x74
 1200 0746 0D       		.byte	0xd
 1201 0747 87       		.byte	0x87
 1202 0748 C9070000 		.4byte	0x7c9
 1203 074c 07       		.uleb128 0x7
 1204 074d 766D7400 		.ascii	"vmt\000"
 1205 0751 0D       		.byte	0xd
 1206 0752 89       		.byte	0x89
 1207 0753 A0080000 		.4byte	0x8a0
 1208 0757 02       		.byte	0x2
 1209 0758 23       		.byte	0x23
 1210 0759 00       		.uleb128 0
 1211 075a 06       		.uleb128 0x6
 1212 075b 8B010000 		.4byte	.LASF90
 1213 075f 0D       		.byte	0xd
 1214 0760 8A       		.byte	0x8a
 1215 0761 06040000 		.4byte	0x406
 1216 0765 02       		.byte	0x2
 1217 0766 23       		.byte	0x23
 1218 0767 04       		.uleb128 0x4
 1219 0768 06       		.uleb128 0x6
 1220 0769 A1040000 		.4byte	.LASF91
 1221 076d 0D       		.byte	0xd
 1222 076e 8A       		.byte	0x8a
 1223 076f FD050000 		.4byte	0x5fd
 1224 0773 02       		.byte	0x2
 1225 0774 23       		.byte	0x23
 1226 0775 08       		.uleb128 0x8
 1227 0776 06       		.uleb128 0x6
 1228 0777 D6000000 		.4byte	.LASF92
 1229 077b 0D       		.byte	0xd
 1230 077c 8A       		.byte	0x8a
 1231 077d 2A070000 		.4byte	0x72a
 1232 0781 02       		.byte	0x2
 1233 0782 23       		.byte	0x23
 1234 0783 0C       		.uleb128 0xc
 1235 0784 06       		.uleb128 0x6
 1236 0785 70010000 		.4byte	.LASF93
 1237 0789 0D       		.byte	0xd
 1238 078a 8A       		.byte	0x8a
 1239 078b 01050000 		.4byte	0x501
 1240 078f 02       		.byte	0x2
 1241 0790 23       		.byte	0x23
 1242 0791 10       		.uleb128 0x10
 1243 0792 06       		.uleb128 0x6
 1244 0793 AA010000 		.4byte	.LASF94
 1245 0797 0D       		.byte	0xd
 1246 0798 8A       		.byte	0x8a
ARM GAS  /tmp/ccVj7nwT.s 			page 23


 1247 0799 0C050000 		.4byte	0x50c
 1248 079d 02       		.byte	0x2
 1249 079e 23       		.byte	0x23
 1250 079f 30       		.uleb128 0x30
 1251 07a0 07       		.uleb128 0x7
 1252 07a1 696200   		.ascii	"ib\000"
 1253 07a4 0D       		.byte	0xd
 1254 07a5 8A       		.byte	0x8a
 1255 07a6 AB080000 		.4byte	0x8ab
 1256 07aa 02       		.byte	0x2
 1257 07ab 23       		.byte	0x23
 1258 07ac 50       		.uleb128 0x50
 1259 07ad 07       		.uleb128 0x7
 1260 07ae 6F6200   		.ascii	"ob\000"
 1261 07b1 0D       		.byte	0xd
 1262 07b2 8A       		.byte	0x8a
 1263 07b3 AB080000 		.4byte	0x8ab
 1264 07b7 02       		.byte	0x2
 1265 07b8 23       		.byte	0x23
 1266 07b9 60       		.uleb128 0x60
 1267 07ba 06       		.uleb128 0x6
 1268 07bb 44010000 		.4byte	.LASF95
 1269 07bf 0D       		.byte	0xd
 1270 07c0 8A       		.byte	0x8a
 1271 07c1 BB080000 		.4byte	0x8bb
 1272 07c5 02       		.byte	0x2
 1273 07c6 23       		.byte	0x23
 1274 07c7 70       		.uleb128 0x70
 1275 07c8 00       		.byte	0
 1276 07c9 08       		.uleb128 0x8
 1277 07ca 0C       		.byte	0xc
 1278 07cb 0E       		.byte	0xe
 1279 07cc C4       		.byte	0xc4
 1280 07cd 0A080000 		.4byte	0x80a
 1281 07d1 06       		.uleb128 0x6
 1282 07d2 00000000 		.4byte	.LASF96
 1283 07d6 0E       		.byte	0xe
 1284 07d7 C8       		.byte	0xc8
 1285 07d8 86000000 		.4byte	0x86
 1286 07dc 02       		.byte	0x2
 1287 07dd 23       		.byte	0x23
 1288 07de 00       		.uleb128 0
 1289 07df 06       		.uleb128 0x6
 1290 07e0 D0040000 		.4byte	.LASF97
 1291 07e4 0E       		.byte	0xe
 1292 07e5 CC       		.byte	0xcc
 1293 07e6 62000000 		.4byte	0x62
 1294 07ea 02       		.byte	0x2
 1295 07eb 23       		.byte	0x23
 1296 07ec 04       		.uleb128 0x4
 1297 07ed 06       		.uleb128 0x6
 1298 07ee D7040000 		.4byte	.LASF98
 1299 07f2 0E       		.byte	0xe
 1300 07f3 D0       		.byte	0xd0
 1301 07f4 62000000 		.4byte	0x62
 1302 07f8 02       		.byte	0x2
 1303 07f9 23       		.byte	0x23
ARM GAS  /tmp/ccVj7nwT.s 			page 24


 1304 07fa 06       		.uleb128 0x6
 1305 07fb 06       		.uleb128 0x6
 1306 07fc DE040000 		.4byte	.LASF99
 1307 0800 0E       		.byte	0xe
 1308 0801 D4       		.byte	0xd4
 1309 0802 62000000 		.4byte	0x62
 1310 0806 02       		.byte	0x2
 1311 0807 23       		.byte	0x23
 1312 0808 08       		.uleb128 0x8
 1313 0809 00       		.byte	0
 1314 080a 03       		.uleb128 0x3
 1315 080b A9020000 		.4byte	.LASF100
 1316 080f 0E       		.byte	0xe
 1317 0810 D5       		.byte	0xd5
 1318 0811 C9070000 		.4byte	0x7c9
 1319 0815 05       		.uleb128 0x5
 1320 0816 60010000 		.4byte	.LASF101
 1321 081a 24       		.byte	0x24
 1322 081b 0D       		.byte	0xd
 1323 081c 7C       		.byte	0x7c
 1324 081d A0080000 		.4byte	0x8a0
 1325 0821 06       		.uleb128 0x6
 1326 0822 08020000 		.4byte	.LASF102
 1327 0826 0D       		.byte	0xd
 1328 0827 7D       		.byte	0x7d
 1329 0828 3C050000 		.4byte	0x53c
 1330 082c 02       		.byte	0x2
 1331 082d 23       		.byte	0x23
 1332 082e 00       		.uleb128 0
 1333 082f 06       		.uleb128 0x6
 1334 0830 13040000 		.4byte	.LASF103
 1335 0834 0D       		.byte	0xd
 1336 0835 7D       		.byte	0x7d
 1337 0836 5C050000 		.4byte	0x55c
 1338 083a 02       		.byte	0x2
 1339 083b 23       		.byte	0x23
 1340 083c 04       		.uleb128 0x4
 1341 083d 06       		.uleb128 0x6
 1342 083e 21010000 		.4byte	.LASF104
 1343 0842 0D       		.byte	0xd
 1344 0843 7D       		.byte	0x7d
 1345 0844 72050000 		.4byte	0x572
 1346 0848 02       		.byte	0x2
 1347 0849 23       		.byte	0x23
 1348 084a 08       		.uleb128 0x8
 1349 084b 06       		.uleb128 0x6
 1350 084c BC040000 		.4byte	.LASF105
 1351 0850 0D       		.byte	0xd
 1352 0851 7D       		.byte	0x7d
 1353 0852 72050000 		.4byte	0x572
 1354 0856 02       		.byte	0x2
 1355 0857 23       		.byte	0x23
 1356 0858 0C       		.uleb128 0xc
 1357 0859 07       		.uleb128 0x7
 1358 085a 70757400 		.ascii	"put\000"
 1359 085e 0D       		.byte	0xd
 1360 085f 7D       		.byte	0x7d
ARM GAS  /tmp/ccVj7nwT.s 			page 25


 1361 0860 92050000 		.4byte	0x592
 1362 0864 02       		.byte	0x2
 1363 0865 23       		.byte	0x23
 1364 0866 10       		.uleb128 0x10
 1365 0867 07       		.uleb128 0x7
 1366 0868 67657400 		.ascii	"get\000"
 1367 086c 0D       		.byte	0xd
 1368 086d 7D       		.byte	0x7d
 1369 086e AD050000 		.4byte	0x5ad
 1370 0872 02       		.byte	0x2
 1371 0873 23       		.byte	0x23
 1372 0874 14       		.uleb128 0x14
 1373 0875 06       		.uleb128 0x6
 1374 0876 BF010000 		.4byte	.LASF106
 1375 087a 0D       		.byte	0xd
 1376 087b 7D       		.byte	0x7d
 1377 087c D2050000 		.4byte	0x5d2
 1378 0880 02       		.byte	0x2
 1379 0881 23       		.byte	0x23
 1380 0882 18       		.uleb128 0x18
 1381 0883 06       		.uleb128 0x6
 1382 0884 90000000 		.4byte	.LASF107
 1383 0888 0D       		.byte	0xd
 1384 0889 7D       		.byte	0x7d
 1385 088a F7050000 		.4byte	0x5f7
 1386 088e 02       		.byte	0x2
 1387 088f 23       		.byte	0x23
 1388 0890 1C       		.uleb128 0x1c
 1389 0891 06       		.uleb128 0x6
 1390 0892 40040000 		.4byte	.LASF108
 1391 0896 0D       		.byte	0xd
 1392 0897 7D       		.byte	0x7d
 1393 0898 19060000 		.4byte	0x619
 1394 089c 02       		.byte	0x2
 1395 089d 23       		.byte	0x23
 1396 089e 20       		.uleb128 0x20
 1397 089f 00       		.byte	0
 1398 08a0 09       		.uleb128 0x9
 1399 08a1 04       		.byte	0x4
 1400 08a2 A6080000 		.4byte	0x8a6
 1401 08a6 10       		.uleb128 0x10
 1402 08a7 15080000 		.4byte	0x815
 1403 08ab 19       		.uleb128 0x19
 1404 08ac 49000000 		.4byte	0x49
 1405 08b0 BB080000 		.4byte	0x8bb
 1406 08b4 1A       		.uleb128 0x1a
 1407 08b5 3B000000 		.4byte	0x3b
 1408 08b9 0F       		.byte	0xf
 1409 08ba 00       		.byte	0
 1410 08bb 09       		.uleb128 0x9
 1411 08bc 04       		.byte	0x4
 1412 08bd 03070000 		.4byte	0x703
 1413 08c1 05       		.uleb128 0x5
 1414 08c2 91030000 		.4byte	.LASF109
 1415 08c6 B0       		.byte	0xb0
 1416 08c7 0F       		.byte	0xf
 1417 08c8 15       		.byte	0x15
ARM GAS  /tmp/ccVj7nwT.s 			page 26


 1418 08c9 07090000 		.4byte	0x907
 1419 08cd 06       		.uleb128 0x6
 1420 08ce CA040000 		.4byte	.LASF110
 1421 08d2 0F       		.byte	0xf
 1422 08d3 16       		.byte	0x16
 1423 08d4 29000000 		.4byte	0x29
 1424 08d8 02       		.byte	0x2
 1425 08d9 23       		.byte	0x23
 1426 08da 00       		.uleb128 0
 1427 08db 07       		.uleb128 0x7
 1428 08dc 656E6400 		.ascii	"end\000"
 1429 08e0 0F       		.byte	0xf
 1430 08e1 17       		.byte	0x17
 1431 08e2 29000000 		.4byte	0x29
 1432 08e6 02       		.byte	0x2
 1433 08e7 23       		.byte	0x23
 1434 08e8 04       		.uleb128 0x4
 1435 08e9 06       		.uleb128 0x6
 1436 08ea 29020000 		.4byte	.LASF111
 1437 08ee 0F       		.byte	0xf
 1438 08ef 18       		.byte	0x18
 1439 08f0 07090000 		.4byte	0x907
 1440 08f4 02       		.byte	0x2
 1441 08f5 23       		.byte	0x23
 1442 08f6 08       		.uleb128 0x8
 1443 08f7 06       		.uleb128 0x6
 1444 08f8 11030000 		.4byte	.LASF112
 1445 08fc 0F       		.byte	0xf
 1446 08fd 19       		.byte	0x19
 1447 08fe 98030000 		.4byte	0x398
 1448 0902 03       		.byte	0x3
 1449 0903 23       		.byte	0x23
 1450 0904 A001     		.uleb128 0xa0
 1451 0906 00       		.byte	0
 1452 0907 19       		.uleb128 0x19
 1453 0908 51040000 		.4byte	0x451
 1454 090c 17090000 		.4byte	0x917
 1455 0910 1A       		.uleb128 0x1a
 1456 0911 3B000000 		.4byte	0x3b
 1457 0915 95       		.byte	0x95
 1458 0916 00       		.byte	0
 1459 0917 03       		.uleb128 0x3
 1460 0918 39030000 		.4byte	.LASF113
 1461 091c 0F       		.byte	0xf
 1462 091d 1A       		.byte	0x1a
 1463 091e C1080000 		.4byte	0x8c1
 1464 0922 1B       		.uleb128 0x1b
 1465 0923 1E020000 		.4byte	.LASF126
 1466 0927 01       		.byte	0x1
 1467 0928 17       		.byte	0x17
 1468 0929 01       		.byte	0x1
 1469 092a F3000000 		.4byte	0xf3
 1470 092e 00000000 		.4byte	.LFB117
 1471 0932 A0000000 		.4byte	.LFE117
 1472 0936 00000000 		.4byte	.LLST0
 1473 093a B6090000 		.4byte	0x9b6
 1474 093e 1C       		.uleb128 0x1c
ARM GAS  /tmp/ccVj7nwT.s 			page 27


 1475 093f 61726700 		.ascii	"arg\000"
 1476 0943 01       		.byte	0x1
 1477 0944 17       		.byte	0x17
 1478 0945 99020000 		.4byte	0x299
 1479 0949 38000000 		.4byte	.LLST1
 1480 094d 1D       		.uleb128 0x1d
 1481 094e 0E020000 		.4byte	.LASF114
 1482 0952 01       		.byte	0x1
 1483 0953 1A       		.byte	0x1a
 1484 0954 B6090000 		.4byte	0x9b6
 1485 0958 10       		.byte	0x10
 1486 0959 1E       		.uleb128 0x1e
 1487 095a E5000000 		.4byte	.LASF115
 1488 095e 01       		.byte	0x1
 1489 095f 1B       		.byte	0x1b
 1490 0960 B6090000 		.4byte	0x9b6
 1491 0964 8025     		.2byte	0x2580
 1492 0966 1F       		.uleb128 0x1f
 1493 0967 1D040000 		.4byte	.LASF116
 1494 096b 01       		.byte	0x1
 1495 096c 1D       		.byte	0x1d
 1496 096d 0A080000 		.4byte	0x80a
 1497 0971 02       		.byte	0x2
 1498 0972 91       		.byte	0x91
 1499 0973 5C       		.sleb128 -36
 1500 0974 20       		.uleb128 0x20
 1501 0975 62756600 		.ascii	"buf\000"
 1502 0979 01       		.byte	0x1
 1503 097a 1F       		.byte	0x1f
 1504 097b BB090000 		.4byte	0x9bb
 1505 097f 4B000000 		.4byte	.LLST2
 1506 0983 1F       		.uleb128 0x1f
 1507 0984 2C000000 		.4byte	.LASF117
 1508 0988 01       		.byte	0x1
 1509 0989 20       		.byte	0x20
 1510 098a CB090000 		.4byte	0x9cb
 1511 098e 02       		.byte	0x2
 1512 098f 7D       		.byte	0x7d
 1513 0990 00       		.sleb128 0
 1514 0991 21       		.uleb128 0x21
 1515 0992 00000000 		.4byte	.Ldebug_ranges0+0
 1516 0996 22       		.uleb128 0x22
 1517 0997 82010000 		.4byte	.LASF118
 1518 099b 01       		.byte	0x1
 1519 099c 2E       		.byte	0x2e
 1520 099d 29000000 		.4byte	0x29
 1521 09a1 6B000000 		.4byte	.LLST3
 1522 09a5 22       		.uleb128 0x22
 1523 09a6 A1020000 		.4byte	.LASF119
 1524 09aa 01       		.byte	0x1
 1525 09ab 2E       		.byte	0x2e
 1526 09ac 29000000 		.4byte	0x29
 1527 09b0 96000000 		.4byte	.LLST4
 1528 09b4 00       		.byte	0
 1529 09b5 00       		.byte	0
 1530 09b6 10       		.uleb128 0x10
 1531 09b7 29000000 		.4byte	0x29
ARM GAS  /tmp/ccVj7nwT.s 			page 28


 1532 09bb 19       		.uleb128 0x19
 1533 09bc 51040000 		.4byte	0x451
 1534 09c0 CB090000 		.4byte	0x9cb
 1535 09c4 1A       		.uleb128 0x1a
 1536 09c5 3B000000 		.4byte	0x3b
 1537 09c9 10       		.byte	0x10
 1538 09ca 00       		.byte	0
 1539 09cb 19       		.uleb128 0x19
 1540 09cc 51040000 		.4byte	0x451
 1541 09d0 DB090000 		.4byte	0x9db
 1542 09d4 1A       		.uleb128 0x1a
 1543 09d5 3B000000 		.4byte	0x3b
 1544 09d9 1B       		.byte	0x1b
 1545 09da 00       		.byte	0
 1546 09db 23       		.uleb128 0x23
 1547 09dc 01       		.byte	0x1
 1548 09dd E5030000 		.4byte	.LASF127
 1549 09e1 01       		.byte	0x1
 1550 09e2 44       		.byte	0x44
 1551 09e3 01       		.byte	0x1
 1552 09e4 00000000 		.4byte	.LFB118
 1553 09e8 26000000 		.4byte	.LFE118
 1554 09ec B5000000 		.4byte	.LLST5
 1555 09f0 19       		.uleb128 0x19
 1556 09f1 9B020000 		.4byte	0x29b
 1557 09f5 000A0000 		.4byte	0xa00
 1558 09f9 1A       		.uleb128 0x1a
 1559 09fa 3B000000 		.4byte	0x3b
 1560 09fe 95       		.byte	0x95
 1561 09ff 00       		.byte	0
 1562 0a00 1F       		.uleb128 0x1f
 1563 0a01 31000000 		.4byte	.LASF120
 1564 0a05 01       		.byte	0x1
 1565 0a06 14       		.byte	0x14
 1566 0a07 F0090000 		.4byte	0x9f0
 1567 0a0b 05       		.byte	0x5
 1568 0a0c 03       		.byte	0x3
 1569 0a0d 00000000 		.4byte	rfidWorkingArea
 1570 0a11 24       		.uleb128 0x24
 1571 0a12 7C000000 		.4byte	.LASF121
 1572 0a16 10       		.byte	0x10
 1573 0a17 1A05     		.2byte	0x51a
 1574 0a19 24060000 		.4byte	0x624
 1575 0a1d 01       		.byte	0x1
 1576 0a1e 01       		.byte	0x1
 1577 0a1f 25       		.uleb128 0x25
 1578 0a20 53443300 		.ascii	"SD3\000"
 1579 0a24 0E       		.byte	0xe
 1580 0a25 0101     		.2byte	0x101
 1581 0a27 35070000 		.4byte	0x735
 1582 0a2b 01       		.byte	0x1
 1583 0a2c 01       		.byte	0x1
 1584 0a2d 26       		.uleb128 0x26
 1585 0a2e C1030000 		.4byte	.LASF122
 1586 0a32 11       		.byte	0x11
 1587 0a33 32       		.byte	0x32
 1588 0a34 17090000 		.4byte	0x917
ARM GAS  /tmp/ccVj7nwT.s 			page 29


 1589 0a38 01       		.byte	0x1
 1590 0a39 01       		.byte	0x1
 1591 0a3a 00       		.byte	0
 1592              		.section	.debug_abbrev,"",%progbits
 1593              	.Ldebug_abbrev0:
 1594 0000 01       		.uleb128 0x1
 1595 0001 11       		.uleb128 0x11
 1596 0002 01       		.byte	0x1
 1597 0003 25       		.uleb128 0x25
 1598 0004 0E       		.uleb128 0xe
 1599 0005 13       		.uleb128 0x13
 1600 0006 0B       		.uleb128 0xb
 1601 0007 03       		.uleb128 0x3
 1602 0008 0E       		.uleb128 0xe
 1603 0009 1B       		.uleb128 0x1b
 1604 000a 0E       		.uleb128 0xe
 1605 000b 11       		.uleb128 0x11
 1606 000c 01       		.uleb128 0x1
 1607 000d 52       		.uleb128 0x52
 1608 000e 01       		.uleb128 0x1
 1609 000f 55       		.uleb128 0x55
 1610 0010 06       		.uleb128 0x6
 1611 0011 10       		.uleb128 0x10
 1612 0012 06       		.uleb128 0x6
 1613 0013 00       		.byte	0
 1614 0014 00       		.byte	0
 1615 0015 02       		.uleb128 0x2
 1616 0016 24       		.uleb128 0x24
 1617 0017 00       		.byte	0
 1618 0018 0B       		.uleb128 0xb
 1619 0019 0B       		.uleb128 0xb
 1620 001a 3E       		.uleb128 0x3e
 1621 001b 0B       		.uleb128 0xb
 1622 001c 03       		.uleb128 0x3
 1623 001d 08       		.uleb128 0x8
 1624 001e 00       		.byte	0
 1625 001f 00       		.byte	0
 1626 0020 03       		.uleb128 0x3
 1627 0021 16       		.uleb128 0x16
 1628 0022 00       		.byte	0
 1629 0023 03       		.uleb128 0x3
 1630 0024 0E       		.uleb128 0xe
 1631 0025 3A       		.uleb128 0x3a
 1632 0026 0B       		.uleb128 0xb
 1633 0027 3B       		.uleb128 0x3b
 1634 0028 0B       		.uleb128 0xb
 1635 0029 49       		.uleb128 0x49
 1636 002a 13       		.uleb128 0x13
 1637 002b 00       		.byte	0
 1638 002c 00       		.byte	0
 1639 002d 04       		.uleb128 0x4
 1640 002e 24       		.uleb128 0x24
 1641 002f 00       		.byte	0
 1642 0030 0B       		.uleb128 0xb
 1643 0031 0B       		.uleb128 0xb
 1644 0032 3E       		.uleb128 0x3e
 1645 0033 0B       		.uleb128 0xb
ARM GAS  /tmp/ccVj7nwT.s 			page 30


 1646 0034 03       		.uleb128 0x3
 1647 0035 0E       		.uleb128 0xe
 1648 0036 00       		.byte	0
 1649 0037 00       		.byte	0
 1650 0038 05       		.uleb128 0x5
 1651 0039 13       		.uleb128 0x13
 1652 003a 01       		.byte	0x1
 1653 003b 03       		.uleb128 0x3
 1654 003c 0E       		.uleb128 0xe
 1655 003d 0B       		.uleb128 0xb
 1656 003e 0B       		.uleb128 0xb
 1657 003f 3A       		.uleb128 0x3a
 1658 0040 0B       		.uleb128 0xb
 1659 0041 3B       		.uleb128 0x3b
 1660 0042 0B       		.uleb128 0xb
 1661 0043 01       		.uleb128 0x1
 1662 0044 13       		.uleb128 0x13
 1663 0045 00       		.byte	0
 1664 0046 00       		.byte	0
 1665 0047 06       		.uleb128 0x6
 1666 0048 0D       		.uleb128 0xd
 1667 0049 00       		.byte	0
 1668 004a 03       		.uleb128 0x3
 1669 004b 0E       		.uleb128 0xe
 1670 004c 3A       		.uleb128 0x3a
 1671 004d 0B       		.uleb128 0xb
 1672 004e 3B       		.uleb128 0x3b
 1673 004f 0B       		.uleb128 0xb
 1674 0050 49       		.uleb128 0x49
 1675 0051 13       		.uleb128 0x13
 1676 0052 38       		.uleb128 0x38
 1677 0053 0A       		.uleb128 0xa
 1678 0054 00       		.byte	0
 1679 0055 00       		.byte	0
 1680 0056 07       		.uleb128 0x7
 1681 0057 0D       		.uleb128 0xd
 1682 0058 00       		.byte	0
 1683 0059 03       		.uleb128 0x3
 1684 005a 08       		.uleb128 0x8
 1685 005b 3A       		.uleb128 0x3a
 1686 005c 0B       		.uleb128 0xb
 1687 005d 3B       		.uleb128 0x3b
 1688 005e 0B       		.uleb128 0xb
 1689 005f 49       		.uleb128 0x49
 1690 0060 13       		.uleb128 0x13
 1691 0061 38       		.uleb128 0x38
 1692 0062 0A       		.uleb128 0xa
 1693 0063 00       		.byte	0
 1694 0064 00       		.byte	0
 1695 0065 08       		.uleb128 0x8
 1696 0066 13       		.uleb128 0x13
 1697 0067 01       		.byte	0x1
 1698 0068 0B       		.uleb128 0xb
 1699 0069 0B       		.uleb128 0xb
 1700 006a 3A       		.uleb128 0x3a
 1701 006b 0B       		.uleb128 0xb
 1702 006c 3B       		.uleb128 0x3b
ARM GAS  /tmp/ccVj7nwT.s 			page 31


 1703 006d 0B       		.uleb128 0xb
 1704 006e 01       		.uleb128 0x1
 1705 006f 13       		.uleb128 0x13
 1706 0070 00       		.byte	0
 1707 0071 00       		.byte	0
 1708 0072 09       		.uleb128 0x9
 1709 0073 0F       		.uleb128 0xf
 1710 0074 00       		.byte	0
 1711 0075 0B       		.uleb128 0xb
 1712 0076 0B       		.uleb128 0xb
 1713 0077 49       		.uleb128 0x49
 1714 0078 13       		.uleb128 0x13
 1715 0079 00       		.byte	0
 1716 007a 00       		.byte	0
 1717 007b 0A       		.uleb128 0xa
 1718 007c 0F       		.uleb128 0xf
 1719 007d 00       		.byte	0
 1720 007e 0B       		.uleb128 0xb
 1721 007f 0B       		.uleb128 0xb
 1722 0080 00       		.byte	0
 1723 0081 00       		.byte	0
 1724 0082 0B       		.uleb128 0xb
 1725 0083 0D       		.uleb128 0xd
 1726 0084 00       		.byte	0
 1727 0085 03       		.uleb128 0x3
 1728 0086 08       		.uleb128 0x8
 1729 0087 3A       		.uleb128 0x3a
 1730 0088 0B       		.uleb128 0xb
 1731 0089 3B       		.uleb128 0x3b
 1732 008a 05       		.uleb128 0x5
 1733 008b 49       		.uleb128 0x49
 1734 008c 13       		.uleb128 0x13
 1735 008d 38       		.uleb128 0x38
 1736 008e 0A       		.uleb128 0xa
 1737 008f 00       		.byte	0
 1738 0090 00       		.byte	0
 1739 0091 0C       		.uleb128 0xc
 1740 0092 13       		.uleb128 0x13
 1741 0093 01       		.byte	0x1
 1742 0094 03       		.uleb128 0x3
 1743 0095 0E       		.uleb128 0xe
 1744 0096 0B       		.uleb128 0xb
 1745 0097 0B       		.uleb128 0xb
 1746 0098 3A       		.uleb128 0x3a
 1747 0099 0B       		.uleb128 0xb
 1748 009a 3B       		.uleb128 0x3b
 1749 009b 05       		.uleb128 0x5
 1750 009c 01       		.uleb128 0x1
 1751 009d 13       		.uleb128 0x13
 1752 009e 00       		.byte	0
 1753 009f 00       		.byte	0
 1754 00a0 0D       		.uleb128 0xd
 1755 00a1 35       		.uleb128 0x35
 1756 00a2 00       		.byte	0
 1757 00a3 49       		.uleb128 0x49
 1758 00a4 13       		.uleb128 0x13
 1759 00a5 00       		.byte	0
ARM GAS  /tmp/ccVj7nwT.s 			page 32


 1760 00a6 00       		.byte	0
 1761 00a7 0E       		.uleb128 0xe
 1762 00a8 17       		.uleb128 0x17
 1763 00a9 01       		.byte	0x1
 1764 00aa 0B       		.uleb128 0xb
 1765 00ab 0B       		.uleb128 0xb
 1766 00ac 3A       		.uleb128 0x3a
 1767 00ad 0B       		.uleb128 0xb
 1768 00ae 3B       		.uleb128 0x3b
 1769 00af 0B       		.uleb128 0xb
 1770 00b0 01       		.uleb128 0x1
 1771 00b1 13       		.uleb128 0x13
 1772 00b2 00       		.byte	0
 1773 00b3 00       		.byte	0
 1774 00b4 0F       		.uleb128 0xf
 1775 00b5 0D       		.uleb128 0xd
 1776 00b6 00       		.byte	0
 1777 00b7 03       		.uleb128 0x3
 1778 00b8 0E       		.uleb128 0xe
 1779 00b9 3A       		.uleb128 0x3a
 1780 00ba 0B       		.uleb128 0xb
 1781 00bb 3B       		.uleb128 0x3b
 1782 00bc 0B       		.uleb128 0xb
 1783 00bd 49       		.uleb128 0x49
 1784 00be 13       		.uleb128 0x13
 1785 00bf 00       		.byte	0
 1786 00c0 00       		.byte	0
 1787 00c1 10       		.uleb128 0x10
 1788 00c2 26       		.uleb128 0x26
 1789 00c3 00       		.byte	0
 1790 00c4 49       		.uleb128 0x49
 1791 00c5 13       		.uleb128 0x13
 1792 00c6 00       		.byte	0
 1793 00c7 00       		.byte	0
 1794 00c8 11       		.uleb128 0x11
 1795 00c9 15       		.uleb128 0x15
 1796 00ca 01       		.byte	0x1
 1797 00cb 27       		.uleb128 0x27
 1798 00cc 0C       		.uleb128 0xc
 1799 00cd 01       		.uleb128 0x1
 1800 00ce 13       		.uleb128 0x13
 1801 00cf 00       		.byte	0
 1802 00d0 00       		.byte	0
 1803 00d1 12       		.uleb128 0x12
 1804 00d2 05       		.uleb128 0x5
 1805 00d3 00       		.byte	0
 1806 00d4 49       		.uleb128 0x49
 1807 00d5 13       		.uleb128 0x13
 1808 00d6 00       		.byte	0
 1809 00d7 00       		.byte	0
 1810 00d8 13       		.uleb128 0x13
 1811 00d9 15       		.uleb128 0x15
 1812 00da 01       		.byte	0x1
 1813 00db 27       		.uleb128 0x27
 1814 00dc 0C       		.uleb128 0xc
 1815 00dd 49       		.uleb128 0x49
 1816 00de 13       		.uleb128 0x13
ARM GAS  /tmp/ccVj7nwT.s 			page 33


 1817 00df 01       		.uleb128 0x1
 1818 00e0 13       		.uleb128 0x13
 1819 00e1 00       		.byte	0
 1820 00e2 00       		.byte	0
 1821 00e3 14       		.uleb128 0x14
 1822 00e4 16       		.uleb128 0x16
 1823 00e5 00       		.byte	0
 1824 00e6 03       		.uleb128 0x3
 1825 00e7 0E       		.uleb128 0xe
 1826 00e8 3A       		.uleb128 0x3a
 1827 00e9 0B       		.uleb128 0xb
 1828 00ea 3B       		.uleb128 0x3b
 1829 00eb 05       		.uleb128 0x5
 1830 00ec 49       		.uleb128 0x49
 1831 00ed 13       		.uleb128 0x13
 1832 00ee 00       		.byte	0
 1833 00ef 00       		.byte	0
 1834 00f0 15       		.uleb128 0x15
 1835 00f1 13       		.uleb128 0x13
 1836 00f2 01       		.byte	0x1
 1837 00f3 0B       		.uleb128 0xb
 1838 00f4 0B       		.uleb128 0xb
 1839 00f5 3A       		.uleb128 0x3a
 1840 00f6 0B       		.uleb128 0xb
 1841 00f7 3B       		.uleb128 0x3b
 1842 00f8 05       		.uleb128 0x5
 1843 00f9 01       		.uleb128 0x1
 1844 00fa 13       		.uleb128 0x13
 1845 00fb 00       		.byte	0
 1846 00fc 00       		.byte	0
 1847 00fd 16       		.uleb128 0x16
 1848 00fe 0D       		.uleb128 0xd
 1849 00ff 00       		.byte	0
 1850 0100 03       		.uleb128 0x3
 1851 0101 0E       		.uleb128 0xe
 1852 0102 3A       		.uleb128 0x3a
 1853 0103 0B       		.uleb128 0xb
 1854 0104 3B       		.uleb128 0x3b
 1855 0105 05       		.uleb128 0x5
 1856 0106 49       		.uleb128 0x49
 1857 0107 13       		.uleb128 0x13
 1858 0108 38       		.uleb128 0x38
 1859 0109 0A       		.uleb128 0xa
 1860 010a 00       		.byte	0
 1861 010b 00       		.byte	0
 1862 010c 17       		.uleb128 0x17
 1863 010d 04       		.uleb128 0x4
 1864 010e 01       		.byte	0x1
 1865 010f 0B       		.uleb128 0xb
 1866 0110 0B       		.uleb128 0xb
 1867 0111 3A       		.uleb128 0x3a
 1868 0112 0B       		.uleb128 0xb
 1869 0113 3B       		.uleb128 0x3b
 1870 0114 0B       		.uleb128 0xb
 1871 0115 01       		.uleb128 0x1
 1872 0116 13       		.uleb128 0x13
 1873 0117 00       		.byte	0
ARM GAS  /tmp/ccVj7nwT.s 			page 34


 1874 0118 00       		.byte	0
 1875 0119 18       		.uleb128 0x18
 1876 011a 28       		.uleb128 0x28
 1877 011b 00       		.byte	0
 1878 011c 03       		.uleb128 0x3
 1879 011d 0E       		.uleb128 0xe
 1880 011e 1C       		.uleb128 0x1c
 1881 011f 0D       		.uleb128 0xd
 1882 0120 00       		.byte	0
 1883 0121 00       		.byte	0
 1884 0122 19       		.uleb128 0x19
 1885 0123 01       		.uleb128 0x1
 1886 0124 01       		.byte	0x1
 1887 0125 49       		.uleb128 0x49
 1888 0126 13       		.uleb128 0x13
 1889 0127 01       		.uleb128 0x1
 1890 0128 13       		.uleb128 0x13
 1891 0129 00       		.byte	0
 1892 012a 00       		.byte	0
 1893 012b 1A       		.uleb128 0x1a
 1894 012c 21       		.uleb128 0x21
 1895 012d 00       		.byte	0
 1896 012e 49       		.uleb128 0x49
 1897 012f 13       		.uleb128 0x13
 1898 0130 2F       		.uleb128 0x2f
 1899 0131 0B       		.uleb128 0xb
 1900 0132 00       		.byte	0
 1901 0133 00       		.byte	0
 1902 0134 1B       		.uleb128 0x1b
 1903 0135 2E       		.uleb128 0x2e
 1904 0136 01       		.byte	0x1
 1905 0137 03       		.uleb128 0x3
 1906 0138 0E       		.uleb128 0xe
 1907 0139 3A       		.uleb128 0x3a
 1908 013a 0B       		.uleb128 0xb
 1909 013b 3B       		.uleb128 0x3b
 1910 013c 0B       		.uleb128 0xb
 1911 013d 27       		.uleb128 0x27
 1912 013e 0C       		.uleb128 0xc
 1913 013f 49       		.uleb128 0x49
 1914 0140 13       		.uleb128 0x13
 1915 0141 11       		.uleb128 0x11
 1916 0142 01       		.uleb128 0x1
 1917 0143 12       		.uleb128 0x12
 1918 0144 01       		.uleb128 0x1
 1919 0145 40       		.uleb128 0x40
 1920 0146 06       		.uleb128 0x6
 1921 0147 01       		.uleb128 0x1
 1922 0148 13       		.uleb128 0x13
 1923 0149 00       		.byte	0
 1924 014a 00       		.byte	0
 1925 014b 1C       		.uleb128 0x1c
 1926 014c 05       		.uleb128 0x5
 1927 014d 00       		.byte	0
 1928 014e 03       		.uleb128 0x3
 1929 014f 08       		.uleb128 0x8
 1930 0150 3A       		.uleb128 0x3a
ARM GAS  /tmp/ccVj7nwT.s 			page 35


 1931 0151 0B       		.uleb128 0xb
 1932 0152 3B       		.uleb128 0x3b
 1933 0153 0B       		.uleb128 0xb
 1934 0154 49       		.uleb128 0x49
 1935 0155 13       		.uleb128 0x13
 1936 0156 02       		.uleb128 0x2
 1937 0157 06       		.uleb128 0x6
 1938 0158 00       		.byte	0
 1939 0159 00       		.byte	0
 1940 015a 1D       		.uleb128 0x1d
 1941 015b 34       		.uleb128 0x34
 1942 015c 00       		.byte	0
 1943 015d 03       		.uleb128 0x3
 1944 015e 0E       		.uleb128 0xe
 1945 015f 3A       		.uleb128 0x3a
 1946 0160 0B       		.uleb128 0xb
 1947 0161 3B       		.uleb128 0x3b
 1948 0162 0B       		.uleb128 0xb
 1949 0163 49       		.uleb128 0x49
 1950 0164 13       		.uleb128 0x13
 1951 0165 1C       		.uleb128 0x1c
 1952 0166 0B       		.uleb128 0xb
 1953 0167 00       		.byte	0
 1954 0168 00       		.byte	0
 1955 0169 1E       		.uleb128 0x1e
 1956 016a 34       		.uleb128 0x34
 1957 016b 00       		.byte	0
 1958 016c 03       		.uleb128 0x3
 1959 016d 0E       		.uleb128 0xe
 1960 016e 3A       		.uleb128 0x3a
 1961 016f 0B       		.uleb128 0xb
 1962 0170 3B       		.uleb128 0x3b
 1963 0171 0B       		.uleb128 0xb
 1964 0172 49       		.uleb128 0x49
 1965 0173 13       		.uleb128 0x13
 1966 0174 1C       		.uleb128 0x1c
 1967 0175 05       		.uleb128 0x5
 1968 0176 00       		.byte	0
 1969 0177 00       		.byte	0
 1970 0178 1F       		.uleb128 0x1f
 1971 0179 34       		.uleb128 0x34
 1972 017a 00       		.byte	0
 1973 017b 03       		.uleb128 0x3
 1974 017c 0E       		.uleb128 0xe
 1975 017d 3A       		.uleb128 0x3a
 1976 017e 0B       		.uleb128 0xb
 1977 017f 3B       		.uleb128 0x3b
 1978 0180 0B       		.uleb128 0xb
 1979 0181 49       		.uleb128 0x49
 1980 0182 13       		.uleb128 0x13
 1981 0183 02       		.uleb128 0x2
 1982 0184 0A       		.uleb128 0xa
 1983 0185 00       		.byte	0
 1984 0186 00       		.byte	0
 1985 0187 20       		.uleb128 0x20
 1986 0188 34       		.uleb128 0x34
 1987 0189 00       		.byte	0
ARM GAS  /tmp/ccVj7nwT.s 			page 36


 1988 018a 03       		.uleb128 0x3
 1989 018b 08       		.uleb128 0x8
 1990 018c 3A       		.uleb128 0x3a
 1991 018d 0B       		.uleb128 0xb
 1992 018e 3B       		.uleb128 0x3b
 1993 018f 0B       		.uleb128 0xb
 1994 0190 49       		.uleb128 0x49
 1995 0191 13       		.uleb128 0x13
 1996 0192 02       		.uleb128 0x2
 1997 0193 06       		.uleb128 0x6
 1998 0194 00       		.byte	0
 1999 0195 00       		.byte	0
 2000 0196 21       		.uleb128 0x21
 2001 0197 0B       		.uleb128 0xb
 2002 0198 01       		.byte	0x1
 2003 0199 55       		.uleb128 0x55
 2004 019a 06       		.uleb128 0x6
 2005 019b 00       		.byte	0
 2006 019c 00       		.byte	0
 2007 019d 22       		.uleb128 0x22
 2008 019e 34       		.uleb128 0x34
 2009 019f 00       		.byte	0
 2010 01a0 03       		.uleb128 0x3
 2011 01a1 0E       		.uleb128 0xe
 2012 01a2 3A       		.uleb128 0x3a
 2013 01a3 0B       		.uleb128 0xb
 2014 01a4 3B       		.uleb128 0x3b
 2015 01a5 0B       		.uleb128 0xb
 2016 01a6 49       		.uleb128 0x49
 2017 01a7 13       		.uleb128 0x13
 2018 01a8 02       		.uleb128 0x2
 2019 01a9 06       		.uleb128 0x6
 2020 01aa 00       		.byte	0
 2021 01ab 00       		.byte	0
 2022 01ac 23       		.uleb128 0x23
 2023 01ad 2E       		.uleb128 0x2e
 2024 01ae 00       		.byte	0
 2025 01af 3F       		.uleb128 0x3f
 2026 01b0 0C       		.uleb128 0xc
 2027 01b1 03       		.uleb128 0x3
 2028 01b2 0E       		.uleb128 0xe
 2029 01b3 3A       		.uleb128 0x3a
 2030 01b4 0B       		.uleb128 0xb
 2031 01b5 3B       		.uleb128 0x3b
 2032 01b6 0B       		.uleb128 0xb
 2033 01b7 27       		.uleb128 0x27
 2034 01b8 0C       		.uleb128 0xc
 2035 01b9 11       		.uleb128 0x11
 2036 01ba 01       		.uleb128 0x1
 2037 01bb 12       		.uleb128 0x12
 2038 01bc 01       		.uleb128 0x1
 2039 01bd 40       		.uleb128 0x40
 2040 01be 06       		.uleb128 0x6
 2041 01bf 00       		.byte	0
 2042 01c0 00       		.byte	0
 2043 01c1 24       		.uleb128 0x24
 2044 01c2 34       		.uleb128 0x34
ARM GAS  /tmp/ccVj7nwT.s 			page 37


 2045 01c3 00       		.byte	0
 2046 01c4 03       		.uleb128 0x3
 2047 01c5 0E       		.uleb128 0xe
 2048 01c6 3A       		.uleb128 0x3a
 2049 01c7 0B       		.uleb128 0xb
 2050 01c8 3B       		.uleb128 0x3b
 2051 01c9 05       		.uleb128 0x5
 2052 01ca 49       		.uleb128 0x49
 2053 01cb 13       		.uleb128 0x13
 2054 01cc 3F       		.uleb128 0x3f
 2055 01cd 0C       		.uleb128 0xc
 2056 01ce 3C       		.uleb128 0x3c
 2057 01cf 0C       		.uleb128 0xc
 2058 01d0 00       		.byte	0
 2059 01d1 00       		.byte	0
 2060 01d2 25       		.uleb128 0x25
 2061 01d3 34       		.uleb128 0x34
 2062 01d4 00       		.byte	0
 2063 01d5 03       		.uleb128 0x3
 2064 01d6 08       		.uleb128 0x8
 2065 01d7 3A       		.uleb128 0x3a
 2066 01d8 0B       		.uleb128 0xb
 2067 01d9 3B       		.uleb128 0x3b
 2068 01da 05       		.uleb128 0x5
 2069 01db 49       		.uleb128 0x49
 2070 01dc 13       		.uleb128 0x13
 2071 01dd 3F       		.uleb128 0x3f
 2072 01de 0C       		.uleb128 0xc
 2073 01df 3C       		.uleb128 0x3c
 2074 01e0 0C       		.uleb128 0xc
 2075 01e1 00       		.byte	0
 2076 01e2 00       		.byte	0
 2077 01e3 26       		.uleb128 0x26
 2078 01e4 34       		.uleb128 0x34
 2079 01e5 00       		.byte	0
 2080 01e6 03       		.uleb128 0x3
 2081 01e7 0E       		.uleb128 0xe
 2082 01e8 3A       		.uleb128 0x3a
 2083 01e9 0B       		.uleb128 0xb
 2084 01ea 3B       		.uleb128 0x3b
 2085 01eb 0B       		.uleb128 0xb
 2086 01ec 49       		.uleb128 0x49
 2087 01ed 13       		.uleb128 0x13
 2088 01ee 3F       		.uleb128 0x3f
 2089 01ef 0C       		.uleb128 0xc
 2090 01f0 3C       		.uleb128 0x3c
 2091 01f1 0C       		.uleb128 0xc
 2092 01f2 00       		.byte	0
 2093 01f3 00       		.byte	0
 2094 01f4 00       		.byte	0
 2095              		.section	.debug_loc,"",%progbits
 2096              	.Ldebug_loc0:
 2097              	.LLST0:
 2098 0000 00000000 		.4byte	.LFB117
 2099 0004 02000000 		.4byte	.LCFI0
 2100 0008 0200     		.2byte	0x2
 2101 000a 7D       		.byte	0x7d
ARM GAS  /tmp/ccVj7nwT.s 			page 38


 2102 000b 00       		.sleb128 0
 2103 000c 02000000 		.4byte	.LCFI0
 2104 0010 08000000 		.4byte	.LCFI1
 2105 0014 0200     		.2byte	0x2
 2106 0016 7D       		.byte	0x7d
 2107 0017 14       		.sleb128 20
 2108 0018 08000000 		.4byte	.LCFI1
 2109 001c 10000000 		.4byte	.LCFI2
 2110 0020 0200     		.2byte	0x2
 2111 0022 7D       		.byte	0x7d
 2112 0023 28       		.sleb128 40
 2113 0024 10000000 		.4byte	.LCFI2
 2114 0028 A0000000 		.4byte	.LFE117
 2115 002c 0200     		.2byte	0x2
 2116 002e 77       		.byte	0x77
 2117 002f 28       		.sleb128 40
 2118 0030 00000000 		.4byte	0
 2119 0034 00000000 		.4byte	0
 2120              	.LLST1:
 2121 0038 00000000 		.4byte	.LVL0
 2122 003c 06000000 		.4byte	.LVL1
 2123 0040 0100     		.2byte	0x1
 2124 0042 50       		.byte	0x50
 2125 0043 00000000 		.4byte	0
 2126 0047 00000000 		.4byte	0
 2127              	.LLST2:
 2128 004b 1E000000 		.4byte	.LVL2
 2129 004f 24000000 		.4byte	.LVL3
 2130 0053 0200     		.2byte	0x2
 2131 0055 7D       		.byte	0x7d
 2132 0056 00       		.sleb128 0
 2133 0057 24000000 		.4byte	.LVL3
 2134 005b A0000000 		.4byte	.LFE117
 2135 005f 0200     		.2byte	0x2
 2136 0061 74       		.byte	0x74
 2137 0062 00       		.sleb128 0
 2138 0063 00000000 		.4byte	0
 2139 0067 00000000 		.4byte	0
 2140              	.LLST3:
 2141 006b 3C000000 		.4byte	.LVL5
 2142 006f 46000000 		.4byte	.LVL6
 2143 0073 0200     		.2byte	0x2
 2144 0075 30       		.byte	0x30
 2145 0076 9F       		.byte	0x9f
 2146 0077 4C000000 		.4byte	.LVL7
 2147 007b 56000000 		.4byte	.LVL9
 2148 007f 0100     		.2byte	0x1
 2149 0081 52       		.byte	0x52
 2150 0082 96000000 		.4byte	.LVL12
 2151 0086 A0000000 		.4byte	.LFE117
 2152 008a 0200     		.2byte	0x2
 2153 008c 30       		.byte	0x30
 2154 008d 9F       		.byte	0x9f
 2155 008e 00000000 		.4byte	0
 2156 0092 00000000 		.4byte	0
 2157              	.LLST4:
 2158 0096 50000000 		.4byte	.LVL8
ARM GAS  /tmp/ccVj7nwT.s 			page 39


 2159 009a 56000000 		.4byte	.LVL9
 2160 009e 0200     		.2byte	0x2
 2161 00a0 30       		.byte	0x30
 2162 00a1 9F       		.byte	0x9f
 2163 00a2 60000000 		.4byte	.LVL10
 2164 00a6 66000000 		.4byte	.LVL11
 2165 00aa 0100     		.2byte	0x1
 2166 00ac 53       		.byte	0x53
 2167 00ad 00000000 		.4byte	0
 2168 00b1 00000000 		.4byte	0
 2169              	.LLST5:
 2170 00b5 00000000 		.4byte	.LFB118
 2171 00b9 02000000 		.4byte	.LCFI3
 2172 00bd 0200     		.2byte	0x2
 2173 00bf 7D       		.byte	0x7d
 2174 00c0 00       		.sleb128 0
 2175 00c1 02000000 		.4byte	.LCFI3
 2176 00c5 08000000 		.4byte	.LCFI4
 2177 00c9 0200     		.2byte	0x2
 2178 00cb 7D       		.byte	0x7d
 2179 00cc 08       		.sleb128 8
 2180 00cd 08000000 		.4byte	.LCFI4
 2181 00d1 26000000 		.4byte	.LFE118
 2182 00d5 0200     		.2byte	0x2
 2183 00d7 7D       		.byte	0x7d
 2184 00d8 10       		.sleb128 16
 2185 00d9 00000000 		.4byte	0
 2186 00dd 00000000 		.4byte	0
 2187              		.section	.debug_aranges,"",%progbits
 2188 0000 24000000 		.4byte	0x24
 2189 0004 0200     		.2byte	0x2
 2190 0006 00000000 		.4byte	.Ldebug_info0
 2191 000a 04       		.byte	0x4
 2192 000b 00       		.byte	0
 2193 000c 0000     		.2byte	0
 2194 000e 0000     		.2byte	0
 2195 0010 00000000 		.4byte	.LFB117
 2196 0014 A0000000 		.4byte	.LFE117-.LFB117
 2197 0018 00000000 		.4byte	.LFB118
 2198 001c 26000000 		.4byte	.LFE118-.LFB118
 2199 0020 00000000 		.4byte	0
 2200 0024 00000000 		.4byte	0
 2201              		.section	.debug_ranges,"",%progbits
 2202              	.Ldebug_ranges0:
 2203 0000 2C000000 		.4byte	.LBB2
 2204 0004 70000000 		.4byte	.LBE2
 2205 0008 72000000 		.4byte	.LBB3
 2206 000c A0000000 		.4byte	.LBE3
 2207 0010 00000000 		.4byte	0
 2208 0014 00000000 		.4byte	0
 2209 0018 00000000 		.4byte	.LFB117
 2210 001c A0000000 		.4byte	.LFE117
 2211 0020 00000000 		.4byte	.LFB118
 2212 0024 26000000 		.4byte	.LFE118
 2213 0028 00000000 		.4byte	0
 2214 002c 00000000 		.4byte	0
 2215              		.section	.debug_line,"",%progbits
ARM GAS  /tmp/ccVj7nwT.s 			page 40


 2216              	.Ldebug_line0:
 2217 0000 1F030000 		.section	.debug_str,"MS",%progbits,1
 2217      0200C202 
 2217      00000201 
 2217      FB0E0D00 
 2217      01010101 
 2218              	.LASF96:
 2219 0000 73635F73 		.ascii	"sc_speed\000"
 2219      70656564 
 2219      00
 2220              	.LASF2:
 2221 0009 73697A65 		.ascii	"size_t\000"
 2221      5F7400
 2222              	.LASF59:
 2223 0010 7264796D 		.ascii	"rdymsg\000"
 2223      736700
 2224              	.LASF13:
 2225 0017 75696E74 		.ascii	"uint64_t\000"
 2225      36345F74 
 2225      00
 2226              	.LASF74:
 2227 0020 4F757470 		.ascii	"OutputQueue\000"
 2227      75745175 
 2227      65756500 
 2228              	.LASF117:
 2229 002c 62756632 		.ascii	"buf2\000"
 2229      00
 2230              	.LASF120:
 2231 0031 72666964 		.ascii	"rfidWorkingArea\000"
 2231      576F726B 
 2231      696E6741 
 2231      72656100 
 2232              	.LASF15:
 2233 0041 75696E74 		.ascii	"uint_fast16_t\000"
 2233      5F666173 
 2233      7431365F 
 2233      7400
 2234              	.LASF14:
 2235 004f 6C6F6E67 		.ascii	"long long unsigned int\000"
 2235      206C6F6E 
 2235      6720756E 
 2235      7369676E 
 2235      65642069 
 2236              	.LASF60:
 2237 0066 65786974 		.ascii	"exitcode\000"
 2237      636F6465 
 2237      00
 2238              	.LASF124:
 2239 006f 2E2F7372 		.ascii	"./src/Rfid.c\000"
 2239      632F5266 
 2239      69642E63 
 2239      00
 2240              	.LASF121:
 2241 007c 49544D5F 		.ascii	"ITM_RxBuffer\000"
 2241      52784275 
 2241      66666572 
 2241      00
ARM GAS  /tmp/ccVj7nwT.s 			page 41


 2242              	.LASF27:
 2243 0089 705F7072 		.ascii	"p_prio\000"
 2243      696F00
 2244              	.LASF107:
 2245 0090 72656164 		.ascii	"readt\000"
 2245      7400
 2246              	.LASF65:
 2247 0096 715F7761 		.ascii	"q_waiting\000"
 2247      6974696E 
 2247      6700
 2248              	.LASF12:
 2249 00a0 6C6F6E67 		.ascii	"long long int\000"
 2249      206C6F6E 
 2249      6720696E 
 2249      7400
 2250              	.LASF1:
 2251 00ae 7369676E 		.ascii	"signed char\000"
 2251      65642063 
 2251      68617200 
 2252              	.LASF82:
 2253 00ba 47545052 		.ascii	"GTPR\000"
 2253      00
 2254              	.LASF42:
 2255 00bf 705F6D70 		.ascii	"p_mpool\000"
 2255      6F6F6C00 
 2256              	.LASF16:
 2257 00c7 626F6F6C 		.ascii	"bool_t\000"
 2257      5F7400
 2258              	.LASF50:
 2259 00ce 6D5F7175 		.ascii	"m_queue\000"
 2259      65756500 
 2260              	.LASF92:
 2261 00d6 73746174 		.ascii	"state\000"
 2261      6500
 2262              	.LASF9:
 2263 00dc 6C6F6E67 		.ascii	"long int\000"
 2263      20696E74 
 2263      00
 2264              	.LASF115:
 2265 00e5 72666964 		.ascii	"rfidBitrate\000"
 2265      42697472 
 2265      61746500 
 2266              	.LASF18:
 2267 00f1 74737461 		.ascii	"tstate_t\000"
 2267      74655F74 
 2267      00
 2268              	.LASF34:
 2269 00fa 705F7265 		.ascii	"p_refs\000"
 2269      667300
 2270              	.LASF67:
 2271 0101 715F6275 		.ascii	"q_buffer\000"
 2271      66666572 
 2271      00
 2272              	.LASF69:
 2273 010a 715F7772 		.ascii	"q_wrptr\000"
 2273      70747200 
 2274              	.LASF35:
ARM GAS  /tmp/ccVj7nwT.s 			page 42


 2275 0112 705F7469 		.ascii	"p_time\000"
 2275      6D6500
 2276              	.LASF29:
 2277 0119 705F6E65 		.ascii	"p_newer\000"
 2277      77657200 
 2278              	.LASF104:
 2279 0121 70757477 		.ascii	"putwouldblock\000"
 2279      6F756C64 
 2279      626C6F63 
 2279      6B00
 2280              	.LASF45:
 2281 012f 72656761 		.ascii	"regarm_t\000"
 2281      726D5F74 
 2281      00
 2282              	.LASF57:
 2283 0138 4576656E 		.ascii	"EventSource\000"
 2283      74536F75 
 2283      72636500 
 2284              	.LASF95:
 2285 0144 75736172 		.ascii	"usart\000"
 2285      7400
 2286              	.LASF0:
 2287 014a 756E7369 		.ascii	"unsigned int\000"
 2287      676E6564 
 2287      20696E74 
 2287      00
 2288              	.LASF6:
 2289 0157 75696E74 		.ascii	"uint16_t\000"
 2289      31365F74 
 2289      00
 2290              	.LASF101:
 2291 0160 53657269 		.ascii	"SerialDriverVMT\000"
 2291      616C4472 
 2291      69766572 
 2291      564D5400 
 2292              	.LASF93:
 2293 0170 69717565 		.ascii	"iqueue\000"
 2293      756500
 2294              	.LASF37:
 2295 0177 705F6D73 		.ascii	"p_msgqueue\000"
 2295      67717565 
 2295      756500
 2296              	.LASF118:
 2297 0182 73747849 		.ascii	"stxIndex\000"
 2297      6E646578 
 2297      00
 2298              	.LASF90:
 2299 018b 6576656E 		.ascii	"event\000"
 2299      7400
 2300              	.LASF7:
 2301 0191 73686F72 		.ascii	"short unsigned int\000"
 2301      7420756E 
 2301      7369676E 
 2301      65642069 
 2301      6E7400
 2302              	.LASF21:
 2303 01a4 6D73675F 		.ascii	"msg_t\000"
ARM GAS  /tmp/ccVj7nwT.s 			page 43


 2303      7400
 2304              	.LASF94:
 2305 01aa 6F717565 		.ascii	"oqueue\000"
 2305      756500
 2306              	.LASF84:
 2307 01b1 55534152 		.ascii	"USART_TypeDef\000"
 2307      545F5479 
 2307      70654465 
 2307      6600
 2308              	.LASF106:
 2309 01bf 77726974 		.ascii	"writet\000"
 2309      657400
 2310              	.LASF17:
 2311 01c6 746D6F64 		.ascii	"tmode_t\000"
 2311      655F7400 
 2312              	.LASF44:
 2313 01ce 54687265 		.ascii	"ThreadsList\000"
 2313      6164734C 
 2313      69737400 
 2314              	.LASF22:
 2315 01da 6576656E 		.ascii	"eventmask_t\000"
 2315      746D6173 
 2315      6B5F7400 
 2316              	.LASF72:
 2317 01e6 716E6F74 		.ascii	"qnotify_t\000"
 2317      6966795F 
 2317      7400
 2318              	.LASF64:
 2319 01f0 47656E65 		.ascii	"GenericQueue\000"
 2319      72696351 
 2319      75657565 
 2319      00
 2320              	.LASF46:
 2321 01fd 73746B61 		.ascii	"stkalign_t\000"
 2321      6C69676E 
 2321      5F7400
 2322              	.LASF102:
 2323 0208 77726974 		.ascii	"write\000"
 2323      6500
 2324              	.LASF114:
 2325 020e 72666964 		.ascii	"rfidMessageSize\000"
 2325      4D657373 
 2325      61676553 
 2325      697A6500 
 2326              	.LASF126:
 2327 021e 72666964 		.ascii	"rfidThread\000"
 2327      54687265 
 2327      616400
 2328              	.LASF111:
 2329 0229 636F6E74 		.ascii	"content\000"
 2329      656E7400 
 2330              	.LASF66:
 2331 0231 715F636F 		.ascii	"q_counter\000"
 2331      756E7465 
 2331      7200
 2332              	.LASF49:
 2333 023b 4D757465 		.ascii	"Mutex\000"
ARM GAS  /tmp/ccVj7nwT.s 			page 44


 2333      7800
 2334              	.LASF30:
 2335 0241 705F6F6C 		.ascii	"p_older\000"
 2335      64657200 
 2336              	.LASF75:
 2337 0249 696F666C 		.ascii	"ioflags_t\000"
 2337      6167735F 
 2337      7400
 2338              	.LASF125:
 2339 0253 2F686F6D 		.ascii	"/home/mikel/workspace/ros/PacBot/SpyKeeFirmware/fir"
 2339      652F6D69 
 2339      6B656C2F 
 2339      776F726B 
 2339      73706163 
 2340 0286 6D776172 		.ascii	"mware\000"
 2340      6500
 2341              	.LASF43:
 2342 028c 54687265 		.ascii	"ThreadsQueue\000"
 2342      61647351 
 2342      75657565 
 2342      00
 2343              	.LASF56:
 2344 0299 656C5F6D 		.ascii	"el_mask\000"
 2344      61736B00 
 2345              	.LASF119:
 2346 02a1 6372496E 		.ascii	"crIndex\000"
 2346      64657800 
 2347              	.LASF100:
 2348 02a9 53657269 		.ascii	"SerialConfig\000"
 2348      616C436F 
 2348      6E666967 
 2348      00
 2349              	.LASF19:
 2350 02b6 74726566 		.ascii	"trefs_t\000"
 2350      735F7400 
 2351              	.LASF76:
 2352 02be 52455345 		.ascii	"RESERVED0\000"
 2352      52564544 
 2352      3000
 2353              	.LASF77:
 2354 02c8 52455345 		.ascii	"RESERVED1\000"
 2354      52564544 
 2354      3100
 2355              	.LASF78:
 2356 02d2 52455345 		.ascii	"RESERVED2\000"
 2356      52564544 
 2356      3200
 2357              	.LASF79:
 2358 02dc 52455345 		.ascii	"RESERVED3\000"
 2358      52564544 
 2358      3300
 2359              	.LASF80:
 2360 02e6 52455345 		.ascii	"RESERVED4\000"
 2360      52564544 
 2360      3400
 2361              	.LASF26:
 2362 02f0 705F7072 		.ascii	"p_prev\000"
ARM GAS  /tmp/ccVj7nwT.s 			page 45


 2362      657600
 2363              	.LASF83:
 2364 02f7 52455345 		.ascii	"RESERVED6\000"
 2364      52564544 
 2364      3600
 2365              	.LASF20:
 2366 0301 74707269 		.ascii	"tprio_t\000"
 2366      6F5F7400 
 2367              	.LASF70:
 2368 0309 715F7264 		.ascii	"q_rdptr\000"
 2368      70747200 
 2369              	.LASF112:
 2370 0311 6D757465 		.ascii	"mutex\000"
 2370      7800
 2371              	.LASF8:
 2372 0317 696E7433 		.ascii	"int32_t\000"
 2372      325F7400 
 2373              	.LASF4:
 2374 031f 756E7369 		.ascii	"unsigned char\000"
 2374      676E6564 
 2374      20636861 
 2374      7200
 2375              	.LASF55:
 2376 032d 656C5F6C 		.ascii	"el_listener\000"
 2376      69737465 
 2376      6E657200 
 2377              	.LASF113:
 2378 0339 43697263 		.ascii	"CircularBuffer\000"
 2378      756C6172 
 2378      42756666 
 2378      657200
 2379              	.LASF40:
 2380 0348 705F6D74 		.ascii	"p_mtxlist\000"
 2380      786C6973 
 2380      7400
 2381              	.LASF5:
 2382 0352 73686F72 		.ascii	"short int\000"
 2382      7420696E 
 2382      7400
 2383              	.LASF32:
 2384 035c 705F7374 		.ascii	"p_state\000"
 2384      61746500 
 2385              	.LASF62:
 2386 0364 65776D61 		.ascii	"ewmask\000"
 2386      736B00
 2387              	.LASF25:
 2388 036b 705F6E65 		.ascii	"p_next\000"
 2388      787400
 2389              	.LASF33:
 2390 0372 705F666C 		.ascii	"p_flags\000"
 2390      61677300 
 2391              	.LASF54:
 2392 037a 656C5F6E 		.ascii	"el_next\000"
 2392      65787400 
 2393              	.LASF86:
 2394 0382 53445F53 		.ascii	"SD_STOP\000"
 2394      544F5000 
ARM GAS  /tmp/ccVj7nwT.s 			page 46


 2395              	.LASF24:
 2396 038a 54687265 		.ascii	"Thread\000"
 2396      616400
 2397              	.LASF109:
 2398 0391 43697263 		.ascii	"CircularBuffer_s\000"
 2398      756C6172 
 2398      42756666 
 2398      65725F73 
 2398      00
 2399              	.LASF39:
 2400 03a2 705F6570 		.ascii	"p_epending\000"
 2400      656E6469 
 2400      6E6700
 2401              	.LASF85:
 2402 03ad 53445F55 		.ascii	"SD_UNINIT\000"
 2402      4E494E49 
 2402      5400
 2403              	.LASF81:
 2404 03b7 52455345 		.ascii	"RESERVED5\000"
 2404      52564544 
 2404      3500
 2405              	.LASF122:
 2406 03c1 6F757470 		.ascii	"outputBuffer\000"
 2406      75744275 
 2406      66666572 
 2406      00
 2407              	.LASF88:
 2408 03ce 73647374 		.ascii	"sdstate_t\000"
 2408      6174655F 
 2408      7400
 2409              	.LASF89:
 2410 03d8 53657269 		.ascii	"SerialDriver\000"
 2410      616C4472 
 2410      69766572 
 2410      00
 2411              	.LASF127:
 2412 03e5 73746172 		.ascii	"startRfidThread\000"
 2412      74526669 
 2412      64546872 
 2412      65616400 
 2413              	.LASF123:
 2414 03f5 474E5520 		.ascii	"GNU C 4.6.3\000"
 2414      4320342E 
 2414      362E3300 
 2415              	.LASF11:
 2416 0401 6C6F6E67 		.ascii	"long unsigned int\000"
 2416      20756E73 
 2416      69676E65 
 2416      6420696E 
 2416      7400
 2417              	.LASF103:
 2418 0413 72656164 		.ascii	"read\000"
 2418      00
 2419              	.LASF63:
 2420 0418 63686172 		.ascii	"char\000"
 2420      00
 2421              	.LASF116:
ARM GAS  /tmp/ccVj7nwT.s 			page 47


 2422 041d 636F6E66 		.ascii	"config\000"
 2422      696700
 2423              	.LASF52:
 2424 0424 6D5F6E65 		.ascii	"m_next\000"
 2424      787400
 2425              	.LASF23:
 2426 042b 73797374 		.ascii	"systime_t\000"
 2426      696D655F 
 2426      7400
 2427              	.LASF41:
 2428 0435 705F7265 		.ascii	"p_realprio\000"
 2428      616C7072 
 2428      696F00
 2429              	.LASF108:
 2430 0440 67657466 		.ascii	"getflags\000"
 2430      6C616773 
 2430      00
 2431              	.LASF48:
 2432 0449 636F6E74 		.ascii	"context\000"
 2432      65787400 
 2433              	.LASF47:
 2434 0451 696E7463 		.ascii	"intctx\000"
 2434      747800
 2435              	.LASF87:
 2436 0458 53445F52 		.ascii	"SD_READY\000"
 2436      45414459 
 2436      00
 2437              	.LASF10:
 2438 0461 75696E74 		.ascii	"uint32_t\000"
 2438      33325F74 
 2438      00
 2439              	.LASF68:
 2440 046a 715F746F 		.ascii	"q_top\000"
 2440      7000
 2441              	.LASF31:
 2442 0470 705F6E61 		.ascii	"p_name\000"
 2442      6D6500
 2443              	.LASF58:
 2444 0477 65735F6E 		.ascii	"es_next\000"
 2444      65787400 
 2445              	.LASF71:
 2446 047f 715F6E6F 		.ascii	"q_notify\000"
 2446      74696679 
 2446      00
 2447              	.LASF38:
 2448 0488 705F6D73 		.ascii	"p_msg\000"
 2448      6700
 2449              	.LASF3:
 2450 048e 75696E74 		.ascii	"uint8_t\000"
 2450      385F7400 
 2451              	.LASF73:
 2452 0496 496E7075 		.ascii	"InputQueue\000"
 2452      74517565 
 2452      756500
 2453              	.LASF91:
 2454 04a1 666C6167 		.ascii	"flags\000"
 2454      7300
ARM GAS  /tmp/ccVj7nwT.s 			page 48


 2455              	.LASF53:
 2456 04a7 4576656E 		.ascii	"EventListener\000"
 2456      744C6973 
 2456      74656E65 
 2456      7200
 2457              	.LASF61:
 2458 04b5 77746F62 		.ascii	"wtobjp\000"
 2458      6A7000
 2459              	.LASF105:
 2460 04bc 67657477 		.ascii	"getwouldblock\000"
 2460      6F756C64 
 2460      626C6F63 
 2460      6B00
 2461              	.LASF110:
 2462 04ca 73746172 		.ascii	"start\000"
 2462      7400
 2463              	.LASF97:
 2464 04d0 73635F63 		.ascii	"sc_cr1\000"
 2464      723100
 2465              	.LASF98:
 2466 04d7 73635F63 		.ascii	"sc_cr2\000"
 2466      723200
 2467              	.LASF99:
 2468 04de 73635F63 		.ascii	"sc_cr3\000"
 2468      723300
 2469              	.LASF51:
 2470 04e5 6D5F6F77 		.ascii	"m_owner\000"
 2470      6E657200 
 2471              	.LASF28:
 2472 04ed 705F6374 		.ascii	"p_ctx\000"
 2472      7800
 2473              	.LASF36:
 2474 04f3 705F7761 		.ascii	"p_waiting\000"
 2474      6974696E 
 2474      6700
 2475              		.ident	"GCC: (Sourcery CodeBench Lite 2012.03-56) 4.6.3"
ARM GAS  /tmp/ccVj7nwT.s 			page 49


DEFINED SYMBOLS
                            *ABS*:00000000 Rfid.c
     /tmp/ccVj7nwT.s:21     .text.rfidThread:00000000 $t
     /tmp/ccVj7nwT.s:26     .text.rfidThread:00000000 rfidThread
     /tmp/ccVj7nwT.s:205    .rodata:00000000 .LANCHOR0
     /tmp/ccVj7nwT.s:221    .rodata.str1.4:00000000 .LC1
     /tmp/ccVj7nwT.s:159    .text.rfidThread:0000009c $d
     /tmp/ccVj7nwT.s:165    .text.startRfidThread:00000000 $t
     /tmp/ccVj7nwT.s:171    .text.startRfidThread:00000000 startRfidThread
     /tmp/ccVj7nwT.s:214    .bss.rfidWorkingArea:00000000 .LANCHOR1
     /tmp/ccVj7nwT.s:204    .rodata:00000000 $d
     /tmp/ccVj7nwT.s:213    .bss.rfidWorkingArea:00000000 $d
     /tmp/ccVj7nwT.s:217    .bss.rfidWorkingArea:00000000 rfidWorkingArea
     /tmp/ccVj7nwT.s:220    .rodata.str1.4:00000000 $d
                     .debug_frame:00000010 $d

UNDEFINED SYMBOLS
SD3
sdStart
chIQReadTimeout
chsprintf
outputBuffer
bufferPutString
chThdCreateStatic
